{"C:\\Users\\hoann\\Documents\\projetos\\inventory-control\\src\\App.vue": {"path":"C:\\Users\\hoann\\Documents\\projetos\\inventory-control\\src\\App.vue","statementMap":{"0":{"start":{"line":4,"column":29},"end":{"line":4,"column":160}},"1":{"start":{"line":5,"column":0},"end":{"line":7,"column":3}},"2":{"start":{"line":8,"column":0},"end":{"line":8,"column":25}},"3":{"start":{"line":23,"column":0},"end":{"line":23,"column":13}},"4":{"start":{"line":25,"column":0},"end":{"line":27,"column":3}},"5":{"start":{"line":28,"column":0},"end":{"line":28,"column":24}},"6":{"start":{"line":29,"column":11},"end":{"line":29,"column":25}},"7":{"start":{"line":31,"column":30},"end":{"line":31,"column":68}},"8":{"start":{"line":32,"column":33},"end":{"line":32,"column":74}},"9":{"start":{"line":33,"column":2},"end":{"line":33,"column":201}},"10":{"start":{"line":34,"column":2},"end":{"line":34,"column":49}}},"fnMap":{"0":{"name":"render","decl":{"start":{"line":30,"column":9},"end":{"line":30,"column":15}},"loc":{"start":{"line":30,"column":30},"end":{"line":34,"column":1}},"line":30}},"branchMap":{},"s":{"0":1,"1":1,"2":1,"3":1,"4":1,"5":1,"6":1,"7":2,"8":2,"9":2,"10":1},"f":{"0":2},"b":{},"inputSourceMap":{"0":"{","1":"\"","2":"v","3":"e","4":"r","5":"s","6":"i","7":"o","8":"n","9":"\"","10":":","11":"3","12":",","13":"\"","14":"s","15":"o","16":"u","17":"r","18":"c","19":"e","20":"s","21":"\"","22":":","23":"[","24":"\"","25":"C","26":":","27":"\\","28":"\\","29":"U","30":"s","31":"e","32":"r","33":"s","34":"\\","35":"\\","36":"h","37":"o","38":"a","39":"n","40":"n","41":"\\","42":"\\","43":"D","44":"o","45":"c","46":"u","47":"m","48":"e","49":"n","50":"t","51":"s","52":"\\","53":"\\","54":"p","55":"r","56":"o","57":"j","58":"e","59":"t","60":"o","61":"s","62":"\\","63":"\\","64":"i","65":"n","66":"v","67":"e","68":"n","69":"t","70":"o","71":"r","72":"y","73":"-","74":"c","75":"o","76":"n","77":"t","78":"r","79":"o","80":"l","81":"\\","82":"\\","83":"s","84":"r","85":"c","86":"\\","87":"\\","88":"A","89":"p","90":"p","91":".","92":"v","93":"u","94":"e","95":"\"","96":"]","97":",","98":"\"","99":"n","100":"a","101":"m","102":"e","103":"s","104":"\"","105":":","106":"[","107":"]","108":",","109":"\"","110":"m","111":"a","112":"p","113":"p","114":"i","115":"n","116":"g","117":"s","118":"\"","119":":","120":"\"","121":";","122":";","123":";","124":";","125":";","126":";","127":";","128":";","129":"A","130":"A","131":"M","132":"A","133":";","134":"A","135":"A","136":"A","137":"A","138":";","139":"A","140":"A","141":"A","142":"A","143":";","144":"A","145":"A","146":"A","147":"2","148":"C","149":";","150":"A","151":"A","152":"A","153":"A","154":",","155":"i","156":"C","157":"A","158":"E","159":"5","160":"B","161":";","162":"E","163":"A","164":"C","165":"b","166":",","167":"I","168":"A","169":"A","170":"I","171":",","172":"E","173":"A","174":"A","175":"E","176":",","177":"K","178":"A","179":"A","180":"K","181":";","182":"E","183":"A","184":"C","185":"X","186":",","187":"U","188":"A","189":"A","190":"U","191":",","192":"E","193":"A","194":"A","195":"E","196":";","197":"I","198":"A","199":"A","200":"E","201":",","202":"O","203":"A","204":"A","205":"O","206":";","207":"I","208":"A","209":"A","210":"P","211":";","212":"I","213":"A","214":"A","215":"A","216":";","217":"I","218":"A","219":"A","220":"A","221":";","222":"I","223":"A","224":"A","225":"A","226":";","227":"E","228":"A","229":"A","230":"Q","231":";","232":"A","233":"A","234":"C","235":"x","236":"B","237":",","238":"C","239":"A","240":"A","241":"C","242":"\"","243":",","244":"\"","245":"f","246":"i","247":"l","248":"e","249":"\"","250":":","251":"\"","252":"C","253":":","254":"\\","255":"\\","256":"U","257":"s","258":"e","259":"r","260":"s","261":"\\","262":"\\","263":"h","264":"o","265":"a","266":"n","267":"n","268":"\\","269":"\\","270":"D","271":"o","272":"c","273":"u","274":"m","275":"e","276":"n","277":"t","278":"s","279":"\\","280":"\\","281":"p","282":"r","283":"o","284":"j","285":"e","286":"t","287":"o","288":"s","289":"\\","290":"\\","291":"i","292":"n","293":"v","294":"e","295":"n","296":"t","297":"o","298":"r","299":"y","300":"-","301":"c","302":"o","303":"n","304":"t","305":"r","306":"o","307":"l","308":"\\","309":"\\","310":"s","311":"r","312":"c","313":"\\","314":"\\","315":"A","316":"p","317":"p","318":".","319":"v","320":"u","321":"e","322":"\"","323":",","324":"\"","325":"s","326":"o","327":"u","328":"r","329":"c","330":"e","331":"s","332":"C","333":"o","334":"n","335":"t","336":"e","337":"n","338":"t","339":"\"","340":":","341":"[","342":"\"","343":"<","344":"t","345":"e","346":"m","347":"p","348":"l","349":"a","350":"t","351":"e","352":">","353":"\\","354":"n","355":" ","356":" ","357":"<","358":"n","359":"a","360":"v","361":"-","362":"m","363":"e","364":"n","365":"u","366":"/","367":">","368":"\\","369":"n","370":" ","371":" ","372":"<","373":"r","374":"o","375":"u","376":"t","377":"e","378":"r","379":"-","380":"v","381":"i","382":"e","383":"w","384":"/","385":">","386":"\\","387":"n","388":"<","389":"/","390":"t","391":"e","392":"m","393":"p","394":"l","395":"a","396":"t","397":"e","398":">","399":"\\","400":"n","401":"\\","402":"n","403":"<","404":"s","405":"c","406":"r","407":"i","408":"p","409":"t","410":">","411":"\\","412":"n","413":"i","414":"m","415":"p","416":"o","417":"r","418":"t","419":" ","420":"N","421":"a","422":"v","423":"M","424":"e","425":"n","426":"u","427":" ","428":"f","429":"r","430":"o","431":"m","432":" ","433":"\\","434":"\"","435":".","436":"/","437":"c","438":"o","439":"m","440":"p","441":"o","442":"n","443":"e","444":"n","445":"t","446":"s","447":"/","448":"N","449":"a","450":"v","451":"M","452":"e","453":"n","454":"u","455":"\\","456":"\"","457":";","458":"\\","459":"n","460":"\\","461":"n","462":"e","463":"x","464":"p","465":"o","466":"r","467":"t","468":" ","469":"d","470":"e","471":"f","472":"a","473":"u","474":"l","475":"t","476":" ","477":"{","478":"\\","479":"n","480":" ","481":" ","482":"n","483":"a","484":"m","485":"e","486":":","487":" ","488":"\\","489":"\"","490":"A","491":"p","492":"p","493":"\\","494":"\"","495":",","496":"\\","497":"n","498":" ","499":" ","500":"c","501":"o","502":"m","503":"p","504":"o","505":"n","506":"e","507":"n","508":"t","509":"s","510":":","511":" ","512":"{","513":" ","514":"N","515":"a","516":"v","517":"M","518":"e","519":"n","520":"u","521":" ","522":"}","523":"\\","524":"n","525":"}","526":"\\","527":"n","528":"<","529":"/","530":"s","531":"c","532":"r","533":"i","534":"p","535":"t","536":">","537":"\\","538":"n","539":"\\","540":"n","541":"<","542":"s","543":"t","544":"y","545":"l","546":"e","547":">","548":"\\","549":"n","550":"n","551":"a","552":"v","553":" ","554":"{","555":"\\","556":"n","557":" ","558":" ","559":"p","560":"a","561":"d","562":"d","563":"i","564":"n","565":"g","566":":","567":" ","568":"3","569":"0","570":"p","571":"x","572":";","573":"\\","574":"n","575":"}","576":"\\","577":"n","578":"\\","579":"n","580":"n","581":"a","582":"v","583":" ","584":"r","585":"o","586":"u","587":"t","588":"e","589":"r","590":"-","591":"l","592":"i","593":"n","594":"k","595":" ","596":"{","597":"\\","598":"n","599":" ","600":" ","601":"f","602":"o","603":"n","604":"t","605":"-","606":"w","607":"e","608":"i","609":"g","610":"h","611":"t","612":":","613":" ","614":"b","615":"o","616":"l","617":"d","618":";","619":"\\","620":"n","621":"}","622":"\\","623":"n","624":"\\","625":"n","626":"n","627":"a","628":"v","629":" ","630":"a","631":".","632":"r","633":"o","634":"u","635":"t","636":"e","637":"r","638":"-","639":"l","640":"i","641":"n","642":"k","643":"-","644":"e","645":"x","646":"a","647":"c","648":"t","649":"-","650":"a","651":"c","652":"t","653":"i","654":"v","655":"e","656":" ","657":"{","658":"\\","659":"n","660":" ","661":" ","662":"c","663":"o","664":"l","665":"o","666":"r","667":":","668":" ","669":"#","670":"3","671":"F","672":"8","673":"3","674":"F","675":"8","676":";","677":"\\","678":"n","679":"}","680":"\\","681":"n","682":"<","683":"/","684":"s","685":"t","686":"y","687":"l","688":"e","689":">","690":"\\","691":"n","692":"\"","693":"]","694":"}"},"_coverageSchema":"1a1c01bbd47fc00a2c39e90264f33305004495a9","hash":"e006b53efac58b92c1b558c3af0fcc68e02e873f"}
,"C:\\Users\\hoann\\Documents\\projetos\\inventory-control\\src\\components\\AddProductModal.vue": {"path":"C:\\Users\\hoann\\Documents\\projetos\\inventory-control\\src\\components\\AddProductModal.vue","statementMap":{"0":{"start":{"line":4,"column":0},"end":{"line":6,"column":3}},"1":{"start":{"line":7,"column":0},"end":{"line":7,"column":25}},"2":{"start":{"line":36,"column":0},"end":{"line":36,"column":13}},"3":{"start":{"line":38,"column":0},"end":{"line":40,"column":3}},"4":{"start":{"line":41,"column":0},"end":{"line":41,"column":24}},"5":{"start":{"line":42,"column":11},"end":{"line":42,"column":25}},"6":{"start":{"line":43,"column":19},"end":{"line":45,"column":1}},"7":{"start":{"line":46,"column":19},"end":{"line":48,"column":1}},"8":{"start":{"line":49,"column":19},"end":{"line":51,"column":1}},"9":{"start":{"line":52,"column":19},"end":{"line":54,"column":1}},"10":{"start":{"line":55,"column":19},"end":{"line":57,"column":1}},"11":{"start":{"line":58,"column":32},"end":{"line":60,"column":41}},"12":{"start":{"line":61,"column":19},"end":{"line":63,"column":1}},"13":{"start":{"line":64,"column":32},"end":{"line":66,"column":31}},"14":{"start":{"line":67,"column":19},"end":{"line":69,"column":1}},"15":{"start":{"line":70,"column":33},"end":{"line":72,"column":32}},"16":{"start":{"line":73,"column":20},"end":{"line":75,"column":1}},"17":{"start":{"line":76,"column":33},"end":{"line":79,"column":31}},"18":{"start":{"line":80,"column":20},"end":{"line":82,"column":1}},"19":{"start":{"line":83,"column":33},"end":{"line":86,"column":38}},"20":{"start":{"line":87,"column":20},"end":{"line":89,"column":1}},"21":{"start":{"line":91,"column":2},"end":{"line":118,"column":27}},"22":{"start":{"line":93,"column":63},"end":{"line":93,"column":95}},"23":{"start":{"line":97,"column":63},"end":{"line":97,"column":95}},"24":{"start":{"line":103,"column":63},"end":{"line":103,"column":97}},"25":{"start":{"line":108,"column":63},"end":{"line":108,"column":99}},"26":{"start":{"line":114,"column":52},"end":{"line":114,"column":101}},"27":{"start":{"line":117,"column":52},"end":{"line":117,"column":85}},"28":{"start":{"line":119,"column":2},"end":{"line":119,"column":49}}},"fnMap":{"0":{"name":"render","decl":{"start":{"line":90,"column":9},"end":{"line":90,"column":15}},"loc":{"start":{"line":90,"column":30},"end":{"line":119,"column":1}},"line":90},"1":{"name":"(anonymous_1)","decl":{"start":{"line":93,"column":53},"end":{"line":93,"column":54}},"loc":{"start":{"line":93,"column":63},"end":{"line":93,"column":95}},"line":93},"2":{"name":"(anonymous_2)","decl":{"start":{"line":97,"column":53},"end":{"line":97,"column":54}},"loc":{"start":{"line":97,"column":63},"end":{"line":97,"column":95}},"line":97},"3":{"name":"(anonymous_3)","decl":{"start":{"line":103,"column":53},"end":{"line":103,"column":54}},"loc":{"start":{"line":103,"column":63},"end":{"line":103,"column":97}},"line":103},"4":{"name":"(anonymous_4)","decl":{"start":{"line":108,"column":53},"end":{"line":108,"column":54}},"loc":{"start":{"line":108,"column":63},"end":{"line":108,"column":99}},"line":108},"5":{"name":"(anonymous_5)","decl":{"start":{"line":114,"column":39},"end":{"line":114,"column":40}},"loc":{"start":{"line":114,"column":52},"end":{"line":114,"column":101}},"line":114},"6":{"name":"(anonymous_6)","decl":{"start":{"line":117,"column":39},"end":{"line":117,"column":40}},"loc":{"start":{"line":117,"column":52},"end":{"line":117,"column":85}},"line":117}},"branchMap":{"0":{"loc":{"start":{"line":93,"column":27},"end":{"line":93,"column":96}},"type":"binary-expr","locations":[{"start":{"line":93,"column":27},"end":{"line":93,"column":36}},{"start":{"line":93,"column":41},"end":{"line":93,"column":95}}],"line":93},"1":{"loc":{"start":{"line":97,"column":27},"end":{"line":97,"column":96}},"type":"binary-expr","locations":[{"start":{"line":97,"column":27},"end":{"line":97,"column":36}},{"start":{"line":97,"column":41},"end":{"line":97,"column":95}}],"line":97},"2":{"loc":{"start":{"line":103,"column":27},"end":{"line":103,"column":98}},"type":"binary-expr","locations":[{"start":{"line":103,"column":27},"end":{"line":103,"column":36}},{"start":{"line":103,"column":41},"end":{"line":103,"column":97}}],"line":103},"3":{"loc":{"start":{"line":108,"column":27},"end":{"line":108,"column":100}},"type":"binary-expr","locations":[{"start":{"line":108,"column":27},"end":{"line":108,"column":36}},{"start":{"line":108,"column":41},"end":{"line":108,"column":99}}],"line":108},"4":{"loc":{"start":{"line":114,"column":13},"end":{"line":114,"column":102}},"type":"binary-expr","locations":[{"start":{"line":114,"column":13},"end":{"line":114,"column":22}},{"start":{"line":114,"column":27},"end":{"line":114,"column":101}}],"line":114},"5":{"loc":{"start":{"line":114,"column":52},"end":{"line":114,"column":101}},"type":"binary-expr","locations":[{"start":{"line":114,"column":52},"end":{"line":114,"column":70}},{"start":{"line":114,"column":74},"end":{"line":114,"column":101}}],"line":114},"6":{"loc":{"start":{"line":117,"column":13},"end":{"line":117,"column":86}},"type":"binary-expr","locations":[{"start":{"line":117,"column":13},"end":{"line":117,"column":22}},{"start":{"line":117,"column":27},"end":{"line":117,"column":85}}],"line":117},"7":{"loc":{"start":{"line":117,"column":52},"end":{"line":117,"column":85}},"type":"binary-expr","locations":[{"start":{"line":117,"column":52},"end":{"line":117,"column":62}},{"start":{"line":117,"column":66},"end":{"line":117,"column":85}}],"line":117}},"s":{"0":1,"1":1,"2":1,"3":1,"4":1,"5":1,"6":1,"7":1,"8":1,"9":1,"10":1,"11":1,"12":1,"13":1,"14":1,"15":1,"16":1,"17":1,"18":1,"19":1,"20":1,"21":8,"22":1,"23":1,"24":1,"25":0,"26":1,"27":1,"28":1},"f":{"0":8,"1":1,"2":1,"3":1,"4":0,"5":1,"6":1},"b":{"0":[8,4],"1":[8,4],"2":[8,4],"3":[8,4],"4":[8,4],"5":[1,1],"6":[8,4],"7":[1,1]},"inputSourceMap":{"0":"{","1":"\"","2":"v","3":"e","4":"r","5":"s","6":"i","7":"o","8":"n","9":"\"","10":":","11":"3","12":",","13":"\"","14":"s","15":"o","16":"u","17":"r","18":"c","19":"e","20":"s","21":"\"","22":":","23":"[","24":"\"","25":"C","26":":","27":"\\","28":"\\","29":"U","30":"s","31":"e","32":"r","33":"s","34":"\\","35":"\\","36":"h","37":"o","38":"a","39":"n","40":"n","41":"\\","42":"\\","43":"D","44":"o","45":"c","46":"u","47":"m","48":"e","49":"n","50":"t","51":"s","52":"\\","53":"\\","54":"p","55":"r","56":"o","57":"j","58":"e","59":"t","60":"o","61":"s","62":"\\","63":"\\","64":"i","65":"n","66":"v","67":"e","68":"n","69":"t","70":"o","71":"r","72":"y","73":"-","74":"c","75":"o","76":"n","77":"t","78":"r","79":"o","80":"l","81":"\\","82":"\\","83":"s","84":"r","85":"c","86":"\\","87":"\\","88":"c","89":"o","90":"m","91":"p","92":"o","93":"n","94":"e","95":"n","96":"t","97":"s","98":"\\","99":"\\","100":"A","101":"d","102":"d","103":"P","104":"r","105":"o","106":"d","107":"u","108":"c","109":"t","110":"M","111":"o","112":"d","113":"a","114":"l","115":".","116":"v","117":"u","118":"e","119":"\"","120":"]","121":",","122":"\"","123":"n","124":"a","125":"m","126":"e","127":"s","128":"\"","129":":","130":"[","131":"]","132":",","133":"\"","134":"m","135":"a","136":"p","137":"p","138":"i","139":"n","140":"g","141":"s","142":"\"","143":":","144":"\"","145":";","146":";","147":";","148":";","149":";","150":";","151":";","152":"A","153":"A","154":"2","155":"C","156":"A","157":";","158":"A","159":"A","160":"A","161":"A","162":";","163":"A","164":"A","165":"A","166":"A","167":";","168":"A","169":"A","170":"A","171":"k","172":"C","173":";","174":"A","175":"A","176":"A","177":"A","178":",","179":"i","180":"C","181":"A","182":"E","183":"n","184":"B","185":";","186":"E","187":"A","188":"C","189":"b","190":",","191":"I","192":"A","193":"A","194":"I","195":",","196":"E","197":"A","198":"A","199":"E","200":",","201":"i","202":"B","203":"A","204":"A","205":"i","206":"B","207":";","208":"E","209":"A","210":"C","211":"v","212":"B","213":",","214":"I","215":"A","216":"A","217":"I","218":",","219":"G","220":"A","221":"A","222":"G","223":";","224":"I","225":"A","226":"C","227":"L","228":",","229":"O","230":"A","231":"A","232":"O","233":";","234":"M","235":"A","236":"C","237":"L","238":",","239":"U","240":"A","241":"A","242":"U","243":",","244":"E","245":"A","246":"A","247":"E","248":",","249":"C","250":"A","251":"A","252":"C","253":";","254":"I","255":"A","256":"C","257":"f","258":",","259":"C","260":"A","261":"A","262":"C","263":";","264":"E","265":"A","266":"C","267":"H","268":",","269":"C","270":"A","271":"A","272":"C","273":";","274":"E","275":"A","276":"C","277":"D","278":",","279":"O","280":"A","281":"A","282":"O","283":",","284":"E","285":"A","286":"A","287":"E","288":";","289":"I","290":"A","291":"C","292":"P","293":";","294":"I","295":"A","296":"A","297":"G","298":";","299":"I","300":"A","301":"A","302":"A","303":";","304":"I","305":"A","306":"A","307":"A","308":";","309":"I","310":"A","311":"A","312":"A","313":";","314":"I","315":"A","316":"A","317":"A","318":";","319":"I","320":"A","321":"A","322":"A","323":",","324":"U","325":"A","326":"A","327":"U","328":",","329":"E","330":"A","331":"A","332":"C","333":",","334":"C","335":"A","336":"A","337":"C","338":",","339":"Y","340":"A","341":"A","342":"Y","343":",","344":"C","345":"A","346":"A","347":"C","348":",","349":"C","350":"A","351":"A","352":"C","353":";","354":"I","355":"A","356":"E","357":"7","358":"B","359":",","360":"a","361":"A","362":"A","363":"a","364":",","365":"G","366":"A","367":"A","368":"G","369":";","370":"M","371":"A","372":"C","373":"d","374":",","375":"I","376":"A","377":"A","378":"I","379":",","380":"C","381":"A","382":"A","383":"C","384":",","385":"U","386":"A","387":"A","388":"U","389":",","390":"C","391":"A","392":"A","393":"C","394":",","395":"I","396":"A","397":"A","398":"I","399":",","400":"C","401":"A","402":"A","403":"C","404":",","405":"U","406":"A","407":"A","408":"U","409":",","410":"C","411":"A","412":"A","413":"C","414":";","415":"M","416":"A","417":"C","418":"h","419":"C","420":",","421":"I","422":"A","423":"A","424":"I","425":",","426":"C","427":"A","428":"A","429":"C","430":",","431":"K","432":"A","433":"A","434":"K","435":",","436":"C","437":"A","438":"A","439":"C","440":",","441":"C","442":"A","443":"A","444":"C","445":";","446":"I","447":"A","448":"C","449":"d","450":",","451":"C","452":"A","453":"A","454":"C","455":";","456":"I","457":"A","458":"E","459":"D","460":",","461":"K","462":"A","463":"A","464":"K","465":",","466":"G","467":"A","468":"A","469":"G","470":";","471":"M","472":"A","473":"C","474":"N","475":",","476":"I","477":"A","478":"A","479":"I","480":",","481":"C","482":"A","483":"A","484":"C","485":",","486":"K","487":"A","488":"A","489":"K","490":",","491":"C","492":"A","493":"A","494":"C","495":",","496":"O","497":"A","498":"A","499":"O","500":",","501":"C","502":"A","503":"A","504":"C","505":";","506":"I","507":"A","508":"C","509":"r","510":"B","511":";","512":"E","513":"A","514":"C","515":"F","516":";","517":"A","518":"A","519":"C","520":"F","521":",","522":"C","523":"A","524":"A","525":"C","526":"\"","527":",","528":"\"","529":"f","530":"i","531":"l","532":"e","533":"\"","534":":","535":"\"","536":"C","537":":","538":"\\","539":"\\","540":"U","541":"s","542":"e","543":"r","544":"s","545":"\\","546":"\\","547":"h","548":"o","549":"a","550":"n","551":"n","552":"\\","553":"\\","554":"D","555":"o","556":"c","557":"u","558":"m","559":"e","560":"n","561":"t","562":"s","563":"\\","564":"\\","565":"p","566":"r","567":"o","568":"j","569":"e","570":"t","571":"o","572":"s","573":"\\","574":"\\","575":"i","576":"n","577":"v","578":"e","579":"n","580":"t","581":"o","582":"r","583":"y","584":"-","585":"c","586":"o","587":"n","588":"t","589":"r","590":"o","591":"l","592":"\\","593":"\\","594":"s","595":"r","596":"c","597":"\\","598":"\\","599":"c","600":"o","601":"m","602":"p","603":"o","604":"n","605":"e","606":"n","607":"t","608":"s","609":"\\","610":"\\","611":"A","612":"d","613":"d","614":"P","615":"r","616":"o","617":"d","618":"u","619":"c","620":"t","621":"M","622":"o","623":"d","624":"a","625":"l","626":".","627":"v","628":"u","629":"e","630":"\"","631":",","632":"\"","633":"s","634":"o","635":"u","636":"r","637":"c","638":"e","639":"s","640":"C","641":"o","642":"n","643":"t","644":"e","645":"n","646":"t","647":"\"","648":":","649":"[","650":"\"","651":"<","652":"t","653":"e","654":"m","655":"p","656":"l","657":"a","658":"t","659":"e","660":">","661":"\\","662":"r","663":"\\","664":"n","665":" ","666":" ","667":"<","668":"d","669":"i","670":"v","671":" ","672":"c","673":"l","674":"a","675":"s","676":"s","677":"=","678":"\\","679":"\"","680":"f","681":"i","682":"x","683":"e","684":"d","685":" ","686":"l","687":"e","688":"f","689":"t","690":"-","691":"0","692":" ","693":"t","694":"o","695":"p","696":"-","697":"0","698":" ","699":"f","700":"l","701":"e","702":"x","703":" ","704":"h","705":"-","706":"f","707":"u","708":"l","709":"l","710":" ","711":"w","712":"-","713":"f","714":"u","715":"l","716":"l","717":" ","718":"i","719":"t","720":"e","721":"m","722":"s","723":"-","724":"c","725":"e","726":"n","727":"t","728":"e","729":"r","730":" ","731":"j","732":"u","733":"s","734":"t","735":"i","736":"f","737":"y","738":"-","739":"c","740":"e","741":"n","742":"t","743":"e","744":"r","745":" ","746":"b","747":"g","748":"-","749":"b","750":"l","751":"a","752":"c","753":"k","754":" ","755":"b","756":"g","757":"-","758":"o","759":"p","760":"a","761":"c","762":"i","763":"t","764":"y","765":"-","766":"5","767":"0","768":" ","769":"p","770":"y","771":"-","772":"1","773":"0","774":"\\","775":"\"","776":">","777":"\\","778":"r","779":"\\","780":"n","781":" ","782":" ","783":" ","784":" ","785":"<","786":"d","787":"i","788":"v","789":" ","790":"c","791":"l","792":"a","793":"s","794":"s","795":"=","796":"\\","797":"\"","798":"m","799":"a","800":"x","801":"-","802":"h","803":"-","804":"f","805":"u","806":"l","807":"l","808":" ","809":"w","810":"-","811":"f","812":"u","813":"l","814":"l","815":" ","816":"m","817":"a","818":"x","819":"-","820":"w","821":"-","822":"x","823":"l","824":" ","825":"o","826":"v","827":"e","828":"r","829":"f","830":"l","831":"o","832":"w","833":"-","834":"y","835":"-","836":"a","837":"u","838":"t","839":"o","840":" ","841":"s","842":"m","843":":","844":"r","845":"o","846":"u","847":"n","848":"d","849":"e","850":"d","851":"-","852":"2","853":"x","854":"l","855":" ","856":"b","857":"g","858":"-","859":"w","860":"h","861":"i","862":"t","863":"e","864":"\\","865":"\"","866":">","867":"\\","868":"r","869":"\\","870":"n","871":" ","872":" ","873":" ","874":" ","875":" ","876":" ","877":"<","878":"d","879":"i","880":"v","881":" ","882":"c","883":"l","884":"a","885":"s","886":"s","887":"=","888":"\\","889":"\"","890":"w","891":"-","892":"f","893":"u","894":"l","895":"l","896":"\\","897":"\"","898":">","899":"\\","900":"r","901":"\\","902":"n","903":" ","904":" ","905":" ","906":" ","907":" ","908":" ","909":" ","910":" ","911":"<","912":"d","913":"i","914":"v","915":" ","916":"c","917":"l","918":"a","919":"s","920":"s","921":"=","922":"\\","923":"\"","924":"m","925":"-","926":"8","927":" ","928":"m","929":"y","930":"-","931":"2","932":"0","933":" ","934":"m","935":"a","936":"x","937":"-","938":"w","939":"-","940":"[","941":"4","942":"0","943":"0","944":"p","945":"x","946":"]","947":" ","948":"m","949":"x","950":"-","951":"a","952":"u","953":"t","954":"o","955":"\\","956":"\"","957":">","958":"\\","959":"r","960":"\\","961":"n","962":" ","963":" ","964":" ","965":" ","966":" ","967":" ","968":" ","969":" ","970":" ","971":" ","972":"<","973":"d","974":"i","975":"v","976":" ","977":"c","978":"l","979":"a","980":"s","981":"s","982":"=","983":"\\","984":"\"","985":"m","986":"b","987":"-","988":"8","989":"\\","990":"\"","991":">","992":"\\","993":"r","994":"\\","995":"n","996":" ","997":" ","998":" ","999":" ","1000":" ","1001":" ","1002":" ","1003":" ","1004":" ","1005":" ","1006":" ","1007":" ","1008":"<","1009":"h","1010":"1","1011":" ","1012":"c","1013":"l","1014":"a","1015":"s","1016":"s","1017":"=","1018":"\\","1019":"\"","1020":"m","1021":"b","1022":"-","1023":"1","1024":"0","1025":" ","1026":"t","1027":"e","1028":"x","1029":"t","1030":"-","1031":"3","1032":"x","1033":"l","1034":" ","1035":"f","1036":"o","1037":"n","1038":"t","1039":"-","1040":"e","1041":"x","1042":"t","1043":"r","1044":"a","1045":"b","1046":"o","1047":"l","1048":"d","1049":"\\","1050":"\"","1051":">","1052":"C","1053":"a","1054":"d","1055":"a","1056":"s","1057":"t","1058":"r","1059":"a","1060":"r","1061":" ","1062":"p","1063":"r","1064":"o","1065":"d","1066":"u","1067":"t","1068":"o","1069":"<","1070":"/","1071":"h","1072":"1","1073":">","1074":"\\","1075":"r","1076":"\\","1077":"n","1078":" ","1079":" ","1080":" ","1081":" ","1082":" ","1083":" ","1084":" ","1085":" ","1086":" ","1087":" ","1088":" ","1089":" ","1090":"<","1091":"d","1092":"i","1093":"v","1094":">","1095":"\\","1096":"r","1097":"\\","1098":"n","1099":" ","1100":" ","1101":" ","1102":" ","1103":" ","1104":" ","1105":" ","1106":" ","1107":" ","1108":" ","1109":" ","1110":" ","1111":" ","1112":" ","1113":"<","1114":"d","1115":"i","1116":"v","1117":" ","1118":"c","1119":"l","1120":"a","1121":"s","1122":"s","1123":"=","1124":"\\","1125":"\"","1126":"f","1127":"l","1128":"e","1129":"x","1130":" ","1131":"i","1132":"t","1133":"e","1134":"m","1135":"s","1136":"-","1137":"c","1138":"e","1139":"n","1140":"t","1141":"e","1142":"r","1143":" ","1144":"m","1145":"b","1146":"-","1147":"5","1148":"\\","1149":"\"","1150":">","1151":"\\","1152":"r","1153":"\\","1154":"n","1155":" ","1156":" ","1157":" ","1158":" ","1159":" ","1160":" ","1161":" ","1162":" ","1163":" ","1164":" ","1165":" ","1166":" ","1167":" ","1168":" ","1169":" ","1170":" ","1171":"<","1172":"l","1173":"a","1174":"b","1175":"e","1176":"l","1177":" ","1178":"c","1179":"l","1180":"a","1181":"s","1182":"s","1183":"=","1184":"\\","1185":"\"","1186":"i","1187":"n","1188":"l","1189":"i","1190":"n","1191":"e","1192":"-","1193":"b","1194":"l","1195":"o","1196":"c","1197":"k","1198":" ","1199":"w","1200":"-","1201":"2","1202":"0","1203":" ","1204":"m","1205":"r","1206":"-","1207":"6","1208":" ","1209":"t","1210":"e","1211":"x","1212":"t","1213":"-","1214":"r","1215":"i","1216":"g","1217":"h","1218":"t","1219":" ","1220":"f","1221":"o","1222":"n","1223":"t","1224":"-","1225":"b","1226":"o","1227":"l","1228":"d","1229":" ","1230":"t","1231":"e","1232":"x","1233":"t","1234":"-","1235":"b","1236":"l","1237":"a","1238":"c","1239":"k","1240":"\\","1241":"\"","1242":">","1243":"P","1244":"r","1245":"o","1246":"d","1247":"u","1248":"t","1249":"o","1250":"<","1251":"/","1252":"l","1253":"a","1254":"b","1255":"e","1256":"l","1257":">","1258":"\\","1259":"r","1260":"\\","1261":"n","1262":" ","1263":" ","1264":" ","1265":" ","1266":" ","1267":" ","1268":" ","1269":" ","1270":" ","1271":" ","1272":" ","1273":" ","1274":" ","1275":" ","1276":" ","1277":" ","1278":"<","1279":"i","1280":"n","1281":"p","1282":"u","1283":"t","1284":" ","1285":"t","1286":"y","1287":"p","1288":"e","1289":"=","1290":"\\","1291":"\"","1292":"t","1293":"e","1294":"x","1295":"t","1296":"\\","1297":"\"","1298":" ","1299":"v","1300":"-","1301":"m","1302":"o","1303":"d","1304":"e","1305":"l","1306":"=","1307":"\\","1308":"\"","1309":"n","1310":"e","1311":"w","1312":"P","1313":"r","1314":"o","1315":"d","1316":"u","1317":"c","1318":"t","1319":".","1320":"p","1321":"r","1322":"o","1323":"d","1324":"u","1325":"c","1326":"t","1327":"\\","1328":"\"","1329":" ","1330":"p","1331":"l","1332":"a","1333":"c","1334":"e","1335":"h","1336":"o","1337":"l","1338":"d","1339":"e","1340":"r","1341":"=","1342":"\\","1343":"\"","1344":"b","1345":"r","1346":"e","1347":"v","1348":"e","1349":" ","1350":"n","1351":"o","1352":"m","1353":"e","1354":" ","1355":"d","1356":"o","1357":" ","1358":"p","1359":"r","1360":"o","1361":"d","1362":"u","1363":"t","1364":"o","1365":"\\","1366":"\"","1367":"\\","1368":"r","1369":"\\","1370":"n","1371":" ","1372":" ","1373":" ","1374":" ","1375":" ","1376":" ","1377":" ","1378":" ","1379":" ","1380":" ","1381":" ","1382":" ","1383":" ","1384":" ","1385":" ","1386":" ","1387":" ","1388":" ","1389":"c","1390":"l","1391":"a","1392":"s","1393":"s","1394":"=","1395":"\\","1396":"\"","1397":"f","1398":"l","1399":"e","1400":"x","1401":"-","1402":"1","1403":" ","1404":"p","1405":"y","1406":"-","1407":"2","1408":" ","1409":"b","1410":"o","1411":"r","1412":"d","1413":"e","1414":"r","1415":"-","1416":"b","1417":"-","1418":"2","1419":" ","1420":"b","1421":"o","1422":"r","1423":"d","1424":"e","1425":"r","1426":"-","1427":"g","1428":"r","1429":"a","1430":"y","1431":"-","1432":"4","1433":"0","1434":"0","1435":" ","1436":"f","1437":"o","1438":"c","1439":"u","1440":"s","1441":":","1442":"b","1443":"o","1444":"r","1445":"d","1446":"e","1447":"r","1448":"-","1449":"[","1450":"#","1451":"3","1452":"F","1453":"8","1454":"3","1455":"F","1456":"8","1457":"]","1458":" ","1459":"t","1460":"e","1461":"x","1462":"t","1463":"-","1464":"b","1465":"l","1466":"a","1467":"c","1468":"k","1469":" ","1470":"p","1471":"l","1472":"a","1473":"c","1474":"e","1475":"h","1476":"o","1477":"l","1478":"d","1479":"e","1480":"r","1481":"-","1482":"g","1483":"r","1484":"a","1485":"y","1486":"-","1487":"5","1488":"0","1489":"0","1490":" ","1491":"o","1492":"u","1493":"t","1494":"l","1495":"i","1496":"n","1497":"e","1498":"-","1499":"n","1500":"o","1501":"n","1502":"e","1503":"\\","1504":"\"","1505":">","1506":"\\","1507":"r","1508":"\\","1509":"n","1510":" ","1511":" ","1512":" ","1513":" ","1514":" ","1515":" ","1516":" ","1517":" ","1518":" ","1519":" ","1520":" ","1521":" ","1522":" ","1523":" ","1524":"<","1525":"/","1526":"d","1527":"i","1528":"v","1529":">","1530":"\\","1531":"r","1532":"\\","1533":"n","1534":" ","1535":" ","1536":" ","1537":" ","1538":" ","1539":" ","1540":" ","1541":" ","1542":" ","1543":" ","1544":" ","1545":" ","1546":" ","1547":" ","1548":"<","1549":"d","1550":"i","1551":"v","1552":" ","1553":"c","1554":"l","1555":"a","1556":"s","1557":"s","1558":"=","1559":"\\","1560":"\"","1561":"f","1562":"l","1563":"e","1564":"x","1565":" ","1566":"i","1567":"t","1568":"e","1569":"m","1570":"s","1571":"-","1572":"c","1573":"e","1574":"n","1575":"t","1576":"e","1577":"r","1578":" ","1579":"m","1580":"b","1581":"-","1582":"5","1583":"\\","1584":"\"","1585":">","1586":"\\","1587":"r","1588":"\\","1589":"n","1590":" ","1591":" ","1592":" ","1593":" ","1594":" ","1595":" ","1596":" ","1597":" ","1598":" ","1599":" ","1600":" ","1601":" ","1602":" ","1603":" ","1604":" ","1605":" ","1606":"<","1607":"l","1608":"a","1609":"b","1610":"e","1611":"l","1612":" ","1613":"c","1614":"l","1615":"a","1616":"s","1617":"s","1618":"=","1619":"\\","1620":"\"","1621":"i","1622":"n","1623":"l","1624":"i","1625":"n","1626":"e","1627":"-","1628":"b","1629":"l","1630":"o","1631":"c","1632":"k","1633":" ","1634":"w","1635":"-","1636":"2","1637":"0","1638":" ","1639":"m","1640":"r","1641":"-","1642":"6","1643":" ","1644":"t","1645":"e","1646":"x","1647":"t","1648":"-","1649":"r","1650":"i","1651":"g","1652":"h","1653":"t","1654":" ","1655":"f","1656":"o","1657":"n","1658":"t","1659":"-","1660":"b","1661":"o","1662":"l","1663":"d","1664":" ","1665":"t","1666":"e","1667":"x","1668":"t","1669":"-","1670":"b","1671":"l","1672":"a","1673":"c","1674":"k","1675":"\\","1676":"\"","1677":">","1678":"D","1679":"e","1680":"t","1681":"a","1682":"l","1683":"h","1684":"e","1685":"s","1686":"<","1687":"/","1688":"l","1689":"a","1690":"b","1691":"e","1692":"l","1693":">","1694":"\\","1695":"r","1696":"\\","1697":"n","1698":" ","1699":" ","1700":" ","1701":" ","1702":" ","1703":" ","1704":" ","1705":" ","1706":" ","1707":" ","1708":" ","1709":" ","1710":" ","1711":" ","1712":" ","1713":" ","1714":"<","1715":"t","1716":"e","1717":"x","1718":"t","1719":"a","1720":"r","1721":"e","1722":"a","1723":" ","1724":"v","1725":"-","1726":"m","1727":"o","1728":"d","1729":"e","1730":"l","1731":"=","1732":"\\","1733":"\"","1734":"n","1735":"e","1736":"w","1737":"P","1738":"r","1739":"o","1740":"d","1741":"u","1742":"c","1743":"t","1744":".","1745":"d","1746":"e","1747":"t","1748":"a","1749":"i","1750":"l","1751":"s","1752":"\\","1753":"\"","1754":" ","1755":"p","1756":"l","1757":"a","1758":"c","1759":"e","1760":"h","1761":"o","1762":"l","1763":"d","1764":"e","1765":"r","1766":"=","1767":"\\","1768":"\"","1769":"a","1770":"d","1771":"i","1772":"c","1773":"i","1774":"o","1775":"n","1776":"e","1777":" ","1778":"m","1779":"a","1780":"i","1781":"s","1782":" ","1783":"i","1784":"n","1785":"f","1786":"o","1787":"r","1788":"m","1789":"a","1790":"ç","1791":"õ","1792":"e","1793":"s","1794":" ","1795":"s","1796":"o","1797":"b","1798":"r","1799":"e","1800":" ","1801":"o","1802":" ","1803":"p","1804":"r","1805":"o","1806":"d","1807":"u","1808":"t","1809":"o","1810":"\\","1811":"\"","1812":" ","1813":"c","1814":"o","1815":"l","1816":"s","1817":"=","1818":"\\","1819":"\"","1820":"5","1821":"0","1822":"\\","1823":"\"","1824":"\\","1825":"r","1826":"\\","1827":"n","1828":" ","1829":" ","1830":" ","1831":" ","1832":" ","1833":" ","1834":" ","1835":" ","1836":" ","1837":" ","1838":" ","1839":" ","1840":" ","1841":" ","1842":" ","1843":" ","1844":" ","1845":" ","1846":"r","1847":"o","1848":"w","1849":"s","1850":"=","1851":"\\","1852":"\"","1853":"4","1854":"\\","1855":"\"","1856":" ","1857":"c","1858":"l","1859":"a","1860":"s","1861":"s","1862":"=","1863":"\\","1864":"\"","1865":"p","1866":"l","1867":"-","1868":"1","1869":" ","1870":"b","1871":"o","1872":"r","1873":"d","1874":"e","1875":"r","1876":" ","1877":"b","1878":"o","1879":"r","1880":"d","1881":"e","1882":"r","1883":"-","1884":"g","1885":"r","1886":"a","1887":"y","1888":"-","1889":"5","1890":"0","1891":"0","1892":" ","1893":"p","1894":"l","1895":"a","1896":"c","1897":"e","1898":"h","1899":"o","1900":"l","1901":"d","1902":"e","1903":"r","1904":"-","1905":"g","1906":"r","1907":"a","1908":"y","1909":"-","1910":"5","1911":"0","1912":"0","1913":"\\","1914":"\"","1915":">","1916":"<","1917":"/","1918":"t","1919":"e","1920":"x","1921":"t","1922":"a","1923":"r","1924":"e","1925":"a","1926":">","1927":"\\","1928":"r","1929":"\\","1930":"n","1931":" ","1932":" ","1933":" ","1934":" ","1935":" ","1936":" ","1937":" ","1938":" ","1939":" ","1940":" ","1941":" ","1942":" ","1943":" ","1944":" ","1945":"<","1946":"/","1947":"d","1948":"i","1949":"v","1950":">","1951":"\\","1952":"r","1953":"\\","1954":"n","1955":" ","1956":" ","1957":" ","1958":" ","1959":" ","1960":" ","1961":" ","1962":" ","1963":" ","1964":" ","1965":" ","1966":" ","1967":" ","1968":" ","1969":"<","1970":"d","1971":"i","1972":"v","1973":" ","1974":"c","1975":"l","1976":"a","1977":"s","1978":"s","1979":"=","1980":"\\","1981":"\"","1982":"f","1983":"l","1984":"e","1985":"x","1986":" ","1987":"i","1988":"t","1989":"e","1990":"m","1991":"s","1992":"-","1993":"c","1994":"e","1995":"n","1996":"t","1997":"e","1998":"r","1999":" ","2000":"m","2001":"b","2002":"-","2003":"5","2004":"\\","2005":"\"","2006":">","2007":"\\","2008":"r","2009":"\\","2010":"n","2011":" ","2012":" ","2013":" ","2014":" ","2015":" ","2016":" ","2017":" ","2018":" ","2019":" ","2020":" ","2021":" ","2022":" ","2023":" ","2024":" ","2025":" ","2026":" ","2027":"<","2028":"l","2029":"a","2030":"b","2031":"e","2032":"l","2033":" ","2034":"f","2035":"o","2036":"r","2037":"=","2038":"\\","2039":"\"","2040":"n","2041":"u","2042":"m","2043":"b","2044":"e","2045":"r","2046":"\\","2047":"\"","2048":" ","2049":"c","2050":"l","2051":"a","2052":"s","2053":"s","2054":"=","2055":"\\","2056":"\"","2057":"i","2058":"n","2059":"l","2060":"i","2061":"n","2062":"e","2063":"-","2064":"b","2065":"l","2066":"o","2067":"c","2068":"k","2069":" ","2070":"w","2071":"-","2072":"2","2073":"0","2074":" ","2075":"m","2076":"r","2077":"-","2078":"6","2079":" ","2080":"t","2081":"e","2082":"x","2083":"t","2084":"-","2085":"r","2086":"i","2087":"g","2088":"h","2089":"t","2090":" ","2091":"f","2092":"o","2093":"n","2094":"t","2095":"-","2096":"b","2097":"o","2098":"l","2099":"d","2100":" ","2101":"t","2102":"e","2103":"x","2104":"t","2105":"-","2106":"b","2107":"l","2108":"a","2109":"c","2110":"k","2111":"\\","2112":"\"","2113":">","2114":"E","2115":"s","2116":"t","2117":"o","2118":"q","2119":"u","2120":"e","2121":"<","2122":"/","2123":"l","2124":"a","2125":"b","2126":"e","2127":"l","2128":">","2129":"\\","2130":"r","2131":"\\","2132":"n","2133":" ","2134":" ","2135":" ","2136":" ","2137":" ","2138":" ","2139":" ","2140":" ","2141":" ","2142":" ","2143":" ","2144":" ","2145":" ","2146":" ","2147":" ","2148":" ","2149":"<","2150":"i","2151":"n","2152":"p","2153":"u","2154":"t","2155":" ","2156":"v","2157":"-","2158":"m","2159":"o","2160":"d","2161":"e","2162":"l","2163":"=","2164":"\\","2165":"\"","2166":"n","2167":"e","2168":"w","2169":"P","2170":"r","2171":"o","2172":"d","2173":"u","2174":"c","2175":"t","2176":".","2177":"i","2178":"n","2179":"v","2180":"e","2181":"n","2182":"t","2183":"o","2184":"r","2185":"y","2186":"\\","2187":"\"","2188":" ","2189":"t","2190":"y","2191":"p","2192":"e","2193":"=","2194":"\\","2195":"\"","2196":"n","2197":"u","2198":"m","2199":"b","2200":"e","2201":"r","2202":"\\","2203":"\"","2204":" ","2205":"p","2206":"l","2207":"a","2208":"c","2209":"e","2210":"h","2211":"o","2212":"l","2213":"d","2214":"e","2215":"r","2216":"=","2217":"\\","2218":"\"","2219":"q","2220":"u","2221":"a","2222":"n","2223":"t","2224":"i","2225":"d","2226":"a","2227":"d","2228":"e","2229":" ","2230":"d","2231":"i","2232":"s","2233":"p","2234":"o","2235":"n","2236":"í","2237":"v","2238":"e","2239":"l","2240":" ","2241":"e","2242":"m","2243":" ","2244":"e","2245":"s","2246":"t","2247":"o","2248":"q","2249":"u","2250":"e","2251":"\\","2252":"\"","2253":"\\","2254":"r","2255":"\\","2256":"n","2257":" ","2258":" ","2259":" ","2260":" ","2261":" ","2262":" ","2263":" ","2264":" ","2265":" ","2266":" ","2267":" ","2268":" ","2269":" ","2270":" ","2271":" ","2272":" ","2273":" ","2274":" ","2275":"c","2276":"l","2277":"a","2278":"s","2279":"s","2280":"=","2281":"\\","2282":"\"","2283":"f","2284":"l","2285":"e","2286":"x","2287":"-","2288":"1","2289":" ","2290":"p","2291":"y","2292":"-","2293":"2","2294":" ","2295":"b","2296":"o","2297":"r","2298":"d","2299":"e","2300":"r","2301":"-","2302":"b","2303":"-","2304":"2","2305":" ","2306":"b","2307":"o","2308":"r","2309":"d","2310":"e","2311":"r","2312":"-","2313":"g","2314":"r","2315":"a","2316":"y","2317":"-","2318":"4","2319":"0","2320":"0","2321":" ","2322":"f","2323":"o","2324":"c","2325":"u","2326":"s","2327":":","2328":"b","2329":"o","2330":"r","2331":"d","2332":"e","2333":"r","2334":"-","2335":"[","2336":"#","2337":"3","2338":"F","2339":"8","2340":"3","2341":"F","2342":"8","2343":"]","2344":" ","2345":"\\","2346":"r","2347":"\\","2348":"n","2349":" ","2350":" ","2351":" ","2352":" ","2353":" ","2354":" ","2355":" ","2356":" ","2357":" ","2358":" ","2359":" ","2360":" ","2361":" ","2362":" ","2363":" ","2364":" ","2365":"t","2366":"e","2367":"x","2368":"t","2369":"-","2370":"g","2371":"r","2372":"a","2373":"y","2374":"-","2375":"5","2376":"0","2377":"0","2378":" ","2379":"p","2380":"l","2381":"a","2382":"c","2383":"e","2384":"h","2385":"o","2386":"l","2387":"d","2388":"e","2389":"r","2390":"-","2391":"g","2392":"r","2393":"a","2394":"y","2395":"-","2396":"5","2397":"0","2398":"0","2399":" ","2400":"o","2401":"u","2402":"t","2403":"l","2404":"i","2405":"n","2406":"e","2407":"-","2408":"n","2409":"o","2410":"n","2411":"e","2412":"\\","2413":"\"","2414":">","2415":"\\","2416":"r","2417":"\\","2418":"n","2419":" ","2420":" ","2421":" ","2422":" ","2423":" ","2424":" ","2425":" ","2426":" ","2427":" ","2428":" ","2429":" ","2430":" ","2431":" ","2432":" ","2433":"<","2434":"/","2435":"d","2436":"i","2437":"v","2438":">","2439":"\\","2440":"r","2441":"\\","2442":"n","2443":" ","2444":" ","2445":" ","2446":" ","2447":" ","2448":" ","2449":" ","2450":" ","2451":" ","2452":" ","2453":" ","2454":" ","2455":" ","2456":" ","2457":"<","2458":"d","2459":"i","2460":"v","2461":" ","2462":"c","2463":"l","2464":"a","2465":"s","2466":"s","2467":"=","2468":"\\","2469":"\"","2470":"f","2471":"l","2472":"e","2473":"x","2474":" ","2475":"i","2476":"t","2477":"e","2478":"m","2479":"s","2480":"-","2481":"c","2482":"e","2483":"n","2484":"t","2485":"e","2486":"r","2487":" ","2488":"m","2489":"b","2490":"-","2491":"5","2492":"\\","2493":"\"","2494":">","2495":"\\","2496":"r","2497":"\\","2498":"n","2499":" ","2500":" ","2501":" ","2502":" ","2503":" ","2504":" ","2505":" ","2506":" ","2507":" ","2508":" ","2509":" ","2510":" ","2511":" ","2512":" ","2513":" ","2514":" ","2515":"<","2516":"l","2517":"a","2518":"b","2519":"e","2520":"l","2521":" ","2522":"f","2523":"o","2524":"r","2525":"=","2526":"\\","2527":"\"","2528":"n","2529":"u","2530":"m","2531":"b","2532":"e","2533":"r","2534":"\\","2535":"\"","2536":" ","2537":"c","2538":"l","2539":"a","2540":"s","2541":"s","2542":"=","2543":"\\","2544":"\"","2545":"i","2546":"n","2547":"l","2548":"i","2549":"n","2550":"e","2551":"-","2552":"b","2553":"l","2554":"o","2555":"c","2556":"k","2557":" ","2558":"w","2559":"-","2560":"2","2561":"0","2562":" ","2563":"m","2564":"r","2565":"-","2566":"6","2567":" ","2568":"t","2569":"e","2570":"x","2571":"t","2572":"-","2573":"r","2574":"i","2575":"g","2576":"h","2577":"t","2578":" ","2579":"f","2580":"o","2581":"n","2582":"t","2583":"-","2584":"b","2585":"o","2586":"l","2587":"d","2588":" ","2589":"t","2590":"e","2591":"x","2592":"t","2593":"-","2594":"b","2595":"l","2596":"a","2597":"c","2598":"k","2599":"\\","2600":"\"","2601":">","2602":"V","2603":"a","2604":"l","2605":"o","2606":"r","2607":"\\","2608":"r","2609":"\\","2610":"n","2611":" ","2612":" ","2613":" ","2614":" ","2615":" ","2616":" ","2617":" ","2618":" ","2619":" ","2620":" ","2621":" ","2622":" ","2623":" ","2624":" ","2625":" ","2626":" ","2627":" ","2628":" ","2629":"U","2630":"n","2631":"i","2632":"t","2633":"á","2634":"r","2635":"i","2636":"o","2637":"<","2638":"/","2639":"l","2640":"a","2641":"b","2642":"e","2643":"l","2644":">","2645":"\\","2646":"r","2647":"\\","2648":"n","2649":" ","2650":" ","2651":" ","2652":" ","2653":" ","2654":" ","2655":" ","2656":" ","2657":" ","2658":" ","2659":" ","2660":" ","2661":" ","2662":" ","2663":" ","2664":" ","2665":"<","2666":"i","2667":"n","2668":"p","2669":"u","2670":"t","2671":" ","2672":"v","2673":"-","2674":"m","2675":"o","2676":"d","2677":"e","2678":"l","2679":"=","2680":"\\","2681":"\"","2682":"n","2683":"e","2684":"w","2685":"P","2686":"r","2687":"o","2688":"d","2689":"u","2690":"c","2691":"t","2692":".","2693":"u","2694":"n","2695":"i","2696":"t","2697":"y","2698":"_","2699":"v","2700":"a","2701":"l","2702":"u","2703":"e","2704":"\\","2705":"\"","2706":" ","2707":"t","2708":"y","2709":"p","2710":"e","2711":"=","2712":"\\","2713":"\"","2714":"n","2715":"u","2716":"m","2717":"b","2718":"e","2719":"r","2720":"\\","2721":"\"","2722":" ","2723":"p","2724":"l","2725":"a","2726":"c","2727":"e","2728":"h","2729":"o","2730":"l","2731":"d","2732":"e","2733":"r","2734":"=","2735":"\\","2736":"\"","2737":"v","2738":"a","2739":"l","2740":"o","2741":"r","2742":" ","2743":"u","2744":"n","2745":"i","2746":"t","2747":"á","2748":"r","2749":"i","2750":"o","2751":" ","2752":"d","2753":"o","2754":" ","2755":"p","2756":"r","2757":"o","2758":"d","2759":"u","2760":"t","2761":"o","2762":"\\","2763":"\"","2764":" ","2765":"c","2766":"l","2767":"a","2768":"s","2769":"s","2770":"=","2771":"\\","2772":"\"","2773":"f","2774":"l","2775":"e","2776":"x","2777":"-","2778":"1","2779":" ","2780":"p","2781":"y","2782":"-","2783":"2","2784":" ","2785":"b","2786":"o","2787":"r","2788":"d","2789":"e","2790":"r","2791":"-","2792":"b","2793":"-","2794":"2","2795":" ","2796":"b","2797":"o","2798":"r","2799":"d","2800":"e","2801":"r","2802":"-","2803":"g","2804":"r","2805":"a","2806":"y","2807":"-","2808":"4","2809":"0","2810":"0","2811":" ","2812":"f","2813":"o","2814":"c","2815":"u","2816":"s","2817":":","2818":"b","2819":"o","2820":"r","2821":"d","2822":"e","2823":"r","2824":"-","2825":"[","2826":"#","2827":"3","2828":"F","2829":"8","2830":"3","2831":"F","2832":"8","2833":"]","2834":" ","2835":"\\","2836":"r","2837":"\\","2838":"n","2839":" ","2840":" ","2841":" ","2842":" ","2843":" ","2844":" ","2845":" ","2846":" ","2847":" ","2848":" ","2849":" ","2850":" ","2851":" ","2852":" ","2853":" ","2854":" ","2855":"t","2856":"e","2857":"x","2858":"t","2859":"-","2860":"g","2861":"r","2862":"a","2863":"y","2864":"-","2865":"5","2866":"0","2867":"0","2868":" ","2869":"p","2870":"l","2871":"a","2872":"c","2873":"e","2874":"h","2875":"o","2876":"l","2877":"d","2878":"e","2879":"r","2880":"-","2881":"g","2882":"r","2883":"a","2884":"y","2885":"-","2886":"5","2887":"0","2888":"0","2889":" ","2890":"o","2891":"u","2892":"t","2893":"l","2894":"i","2895":"n","2896":"e","2897":"-","2898":"n","2899":"o","2900":"n","2901":"e","2902":"\\","2903":"\"","2904":">","2905":"\\","2906":"r","2907":"\\","2908":"n","2909":" ","2910":" ","2911":" ","2912":" ","2913":" ","2914":" ","2915":" ","2916":" ","2917":" ","2918":" ","2919":" ","2920":" ","2921":" ","2922":" ","2923":"<","2924":"/","2925":"d","2926":"i","2927":"v","2928":">","2929":"\\","2930":"r","2931":"\\","2932":"n","2933":" ","2934":" ","2935":" ","2936":" ","2937":" ","2938":" ","2939":" ","2940":" ","2941":" ","2942":" ","2943":" ","2944":" ","2945":"<","2946":"/","2947":"d","2948":"i","2949":"v","2950":">","2951":"\\","2952":"r","2953":"\\","2954":"n","2955":" ","2956":" ","2957":" ","2958":" ","2959":" ","2960":" ","2961":" ","2962":" ","2963":" ","2964":" ","2965":"<","2966":"/","2967":"d","2968":"i","2969":"v","2970":">","2971":"\\","2972":"r","2973":"\\","2974":"n","2975":" ","2976":" ","2977":" ","2978":" ","2979":" ","2980":" ","2981":" ","2982":" ","2983":" ","2984":" ","2985":"<","2986":"d","2987":"i","2988":"v","2989":" ","2990":"c","2991":"l","2992":"a","2993":"s","2994":"s","2995":"=","2996":"\\","2997":"\"","2998":"s","2999":"p","3000":"a","3001":"c","3002":"e","3003":"-","3004":"y","3005":"-","3006":"4","3007":"\\","3008":"\"","3009":">","3010":"\\","3011":"r","3012":"\\","3013":"n","3014":" ","3015":" ","3016":" ","3017":" ","3018":" ","3019":" ","3020":" ","3021":" ","3022":" ","3023":" ","3024":" ","3025":" ","3026":"<","3027":"b","3028":"u","3029":"t","3030":"t","3031":"o","3032":"n","3033":" ","3034":"c","3035":"l","3036":"a","3037":"s","3038":"s","3039":"=","3040":"\\","3041":"\"","3042":"p","3043":"-","3044":"3","3045":" ","3046":"b","3047":"g","3048":"-","3049":"[","3050":"#","3051":"3","3052":"F","3053":"8","3054":"3","3055":"F","3056":"8","3057":"]","3058":" ","3059":"r","3060":"o","3061":"u","3062":"n","3063":"d","3064":"e","3065":"d","3066":"-","3067":"f","3068":"u","3069":"l","3070":"l","3071":" ","3072":"t","3073":"e","3074":"x","3075":"t","3076":"-","3077":"w","3078":"h","3079":"i","3080":"t","3081":"e","3082":" ","3083":"w","3084":"-","3085":"f","3086":"u","3087":"l","3088":"l","3089":"\\","3090":"\"","3091":" ","3092":"@","3093":"c","3094":"l","3095":"i","3096":"c","3097":"k","3098":"=","3099":"\\","3100":"\"","3101":"a","3102":"d","3103":"d","3104":"N","3105":"e","3106":"w","3107":"P","3108":"r","3109":"o","3110":"d","3111":"u","3112":"c","3113":"t","3114":"\\","3115":"\"","3116":">","3117":"C","3118":"a","3119":"d","3120":"a","3121":"s","3122":"t","3123":"r","3124":"a","3125":"r","3126":"<","3127":"/","3128":"b","3129":"u","3130":"t","3131":"t","3132":"o","3133":"n","3134":">","3135":"\\","3136":"r","3137":"\\","3138":"n","3139":" ","3140":" ","3141":" ","3142":" ","3143":" ","3144":" ","3145":" ","3146":" ","3147":" ","3148":" ","3149":" ","3150":" ","3151":"<","3152":"b","3153":"u","3154":"t","3155":"t","3156":"o","3157":"n","3158":" ","3159":"c","3160":"l","3161":"a","3162":"s","3163":"s","3164":"=","3165":"\\","3166":"\"","3167":"p","3168":"-","3169":"3","3170":" ","3171":"b","3172":"g","3173":"-","3174":"w","3175":"h","3176":"i","3177":"t","3178":"e","3179":" ","3180":"b","3181":"o","3182":"r","3183":"d","3184":"e","3185":"r","3186":" ","3187":"r","3188":"o","3189":"u","3190":"n","3191":"d","3192":"e","3193":"d","3194":"-","3195":"f","3196":"u","3197":"l","3198":"l","3199":" ","3200":"w","3201":"-","3202":"f","3203":"u","3204":"l","3205":"l","3206":"\\","3207":"\"","3208":" ","3209":"@","3210":"c","3211":"l","3212":"i","3213":"c","3214":"k","3215":"=","3216":"\\","3217":"\"","3218":"c","3219":"l","3220":"o","3221":"s","3222":"e","3223":"\\","3224":"\"","3225":">","3226":"C","3227":"a","3228":"n","3229":"c","3230":"e","3231":"l","3232":"a","3233":"r","3234":"<","3235":"/","3236":"b","3237":"u","3238":"t","3239":"t","3240":"o","3241":"n","3242":">","3243":"\\","3244":"r","3245":"\\","3246":"n","3247":" ","3248":" ","3249":" ","3250":" ","3251":" ","3252":" ","3253":" ","3254":" ","3255":" ","3256":" ","3257":"<","3258":"/","3259":"d","3260":"i","3261":"v","3262":">","3263":"\\","3264":"r","3265":"\\","3266":"n","3267":" ","3268":" ","3269":" ","3270":" ","3271":" ","3272":" ","3273":" ","3274":" ","3275":"<","3276":"/","3277":"d","3278":"i","3279":"v","3280":">","3281":"\\","3282":"r","3283":"\\","3284":"n","3285":" ","3286":" ","3287":" ","3288":" ","3289":" ","3290":" ","3291":"<","3292":"/","3293":"d","3294":"i","3295":"v","3296":">","3297":"\\","3298":"r","3299":"\\","3300":"n","3301":" ","3302":" ","3303":" ","3304":" ","3305":"<","3306":"/","3307":"d","3308":"i","3309":"v","3310":">","3311":"\\","3312":"r","3313":"\\","3314":"n","3315":" ","3316":" ","3317":"<","3318":"/","3319":"d","3320":"i","3321":"v","3322":">","3323":"\\","3324":"r","3325":"\\","3326":"n","3327":"<","3328":"/","3329":"t","3330":"e","3331":"m","3332":"p","3333":"l","3334":"a","3335":"t","3336":"e","3337":">","3338":"\\","3339":"r","3340":"\\","3341":"n","3342":"\\","3343":"r","3344":"\\","3345":"n","3346":"<","3347":"s","3348":"c","3349":"r","3350":"i","3351":"p","3352":"t","3353":">","3354":"\\","3355":"r","3356":"\\","3357":"n","3358":"i","3359":"m","3360":"p","3361":"o","3362":"r","3363":"t","3364":" ","3365":"{","3366":" ","3367":"m","3368":"a","3369":"p","3370":"A","3371":"c","3372":"t","3373":"i","3374":"o","3375":"n","3376":"s","3377":" ","3378":"}","3379":" ","3380":"f","3381":"r","3382":"o","3383":"m","3384":" ","3385":"\\","3386":"\"","3387":"v","3388":"u","3389":"e","3390":"x","3391":"\\","3392":"\"","3393":";","3394":"\\","3395":"r","3396":"\\","3397":"n","3398":"\\","3399":"r","3400":"\\","3401":"n","3402":"e","3403":"x","3404":"p","3405":"o","3406":"r","3407":"t","3408":" ","3409":"d","3410":"e","3411":"f","3412":"a","3413":"u","3414":"l","3415":"t","3416":" ","3417":"{","3418":"\\","3419":"r","3420":"\\","3421":"n","3422":" ","3423":" ","3424":"n","3425":"a","3426":"m","3427":"e","3428":":","3429":" ","3430":"\\","3431":"\"","3432":"A","3433":"d","3434":"d","3435":"P","3436":"r","3437":"o","3438":"d","3439":"u","3440":"c","3441":"t","3442":"M","3443":"o","3444":"d","3445":"a","3446":"l","3447":"\\","3448":"\"","3449":",","3450":"\\","3451":"r","3452":"\\","3453":"n","3454":" ","3455":" ","3456":"d","3457":"a","3458":"t","3459":"a","3460":"(","3461":")","3462":" ","3463":"{","3464":"\\","3465":"r","3466":"\\","3467":"n","3468":" ","3469":" ","3470":" ","3471":" ","3472":"r","3473":"e","3474":"t","3475":"u","3476":"r","3477":"n","3478":" ","3479":"{","3480":"\\","3481":"r","3482":"\\","3483":"n","3484":" ","3485":" ","3486":" ","3487":" ","3488":" ","3489":" ","3490":"n","3491":"e","3492":"w","3493":"P","3494":"r","3495":"o","3496":"d","3497":"u","3498":"c","3499":"t","3500":":","3501":" ","3502":"{","3503":"}","3504":"\\","3505":"r","3506":"\\","3507":"n","3508":" ","3509":" ","3510":" ","3511":" ","3512":"}","3513":"\\","3514":"r","3515":"\\","3516":"n","3517":" ","3518":" ","3519":"}","3520":",","3521":"\\","3522":"r","3523":"\\","3524":"n","3525":" ","3526":" ","3527":"m","3528":"e","3529":"t","3530":"h","3531":"o","3532":"d","3533":"s","3534":":","3535":" ","3536":"{","3537":"\\","3538":"r","3539":"\\","3540":"n","3541":" ","3542":" ","3543":" ","3544":" ","3545":".","3546":".","3547":".","3548":"m","3549":"a","3550":"p","3551":"A","3552":"c","3553":"t","3554":"i","3555":"o","3556":"n","3557":"s","3558":"(","3559":"[","3560":"'","3561":"a","3562":"d","3563":"d","3564":"P","3565":"r","3566":"o","3567":"d","3568":"u","3569":"c","3570":"t","3571":"'","3572":"]","3573":")","3574":",","3575":"\\","3576":"r","3577":"\\","3578":"n","3579":"\\","3580":"r","3581":"\\","3582":"n","3583":" ","3584":" ","3585":" ","3586":" ","3587":"a","3588":"d","3589":"d","3590":"N","3591":"e","3592":"w","3593":"P","3594":"r","3595":"o","3596":"d","3597":"u","3598":"c","3599":"t","3600":"(","3601":")","3602":" ","3603":"{","3604":"\\","3605":"r","3606":"\\","3607":"n","3608":" ","3609":" ","3610":" ","3611":" ","3612":" ","3613":" ","3614":"t","3615":"h","3616":"i","3617":"s","3618":".","3619":"a","3620":"d","3621":"d","3622":"P","3623":"r","3624":"o","3625":"d","3626":"u","3627":"c","3628":"t","3629":"(","3630":"t","3631":"h","3632":"i","3633":"s","3634":".","3635":"n","3636":"e","3637":"w","3638":"P","3639":"r","3640":"o","3641":"d","3642":"u","3643":"c","3644":"t","3645":")","3646":";","3647":"\\","3648":"r","3649":"\\","3650":"n","3651":" ","3652":" ","3653":" ","3654":" ","3655":" ","3656":" ","3657":"t","3658":"h","3659":"i","3660":"s","3661":".","3662":"c","3663":"l","3664":"o","3665":"s","3666":"e","3667":"(","3668":")","3669":";","3670":"\\","3671":"r","3672":"\\","3673":"n","3674":" ","3675":" ","3676":" ","3677":" ","3678":"}","3679":",","3680":"\\","3681":"r","3682":"\\","3683":"n","3684":"\\","3685":"r","3686":"\\","3687":"n","3688":" ","3689":" ","3690":" ","3691":" ","3692":"c","3693":"l","3694":"o","3695":"s","3696":"e","3697":"(","3698":")","3699":" ","3700":"{","3701":"\\","3702":"r","3703":"\\","3704":"n","3705":" ","3706":" ","3707":" ","3708":" ","3709":" ","3710":" ","3711":"t","3712":"h","3713":"i","3714":"s","3715":".","3716":"$","3717":"e","3718":"m","3719":"i","3720":"t","3721":"(","3722":"'","3723":"c","3724":"l","3725":"o","3726":"s","3727":"e","3728":"'","3729":")","3730":";","3731":"\\","3732":"r","3733":"\\","3734":"n","3735":" ","3736":" ","3737":" ","3738":" ","3739":"}","3740":"\\","3741":"r","3742":"\\","3743":"n","3744":" ","3745":" ","3746":"}","3747":"\\","3748":"r","3749":"\\","3750":"n","3751":"}","3752":"\\","3753":"r","3754":"\\","3755":"n","3756":"<","3757":"/","3758":"s","3759":"c","3760":"r","3761":"i","3762":"p","3763":"t","3764":">","3765":"\"","3766":"]","3767":"}"},"_coverageSchema":"1a1c01bbd47fc00a2c39e90264f33305004495a9","hash":"9d255d9477cbe51a2aa9112daf565b8e3d1221d8"}
,"C:\\Users\\hoann\\Documents\\projetos\\inventory-control\\src\\components\\DeleteInventoryProduct.vue": {"path":"C:\\Users\\hoann\\Documents\\projetos\\inventory-control\\src\\components\\DeleteInventoryProduct.vue","statementMap":{"0":{"start":{"line":4,"column":0},"end":{"line":6,"column":3}},"1":{"start":{"line":7,"column":0},"end":{"line":7,"column":25}},"2":{"start":{"line":37,"column":0},"end":{"line":37,"column":13}},"3":{"start":{"line":39,"column":0},"end":{"line":41,"column":3}},"4":{"start":{"line":42,"column":0},"end":{"line":42,"column":24}},"5":{"start":{"line":43,"column":11},"end":{"line":43,"column":25}},"6":{"start":{"line":44,"column":19},"end":{"line":46,"column":1}},"7":{"start":{"line":47,"column":19},"end":{"line":49,"column":1}},"8":{"start":{"line":50,"column":19},"end":{"line":52,"column":1}},"9":{"start":{"line":53,"column":19},"end":{"line":55,"column":1}},"10":{"start":{"line":56,"column":32},"end":{"line":64,"column":60}},"11":{"start":{"line":65,"column":19},"end":{"line":67,"column":1}},"12":{"start":{"line":69,"column":2},"end":{"line":75,"column":27}},"13":{"start":{"line":70,"column":52},"end":{"line":70,"column":101}},"14":{"start":{"line":73,"column":52},"end":{"line":73,"column":85}},"15":{"start":{"line":76,"column":2},"end":{"line":76,"column":49}}},"fnMap":{"0":{"name":"render","decl":{"start":{"line":68,"column":9},"end":{"line":68,"column":15}},"loc":{"start":{"line":68,"column":30},"end":{"line":76,"column":1}},"line":68},"1":{"name":"(anonymous_1)","decl":{"start":{"line":70,"column":39},"end":{"line":70,"column":40}},"loc":{"start":{"line":70,"column":52},"end":{"line":70,"column":101}},"line":70},"2":{"name":"(anonymous_2)","decl":{"start":{"line":73,"column":39},"end":{"line":73,"column":40}},"loc":{"start":{"line":73,"column":52},"end":{"line":73,"column":85}},"line":73}},"branchMap":{"0":{"loc":{"start":{"line":70,"column":13},"end":{"line":70,"column":102}},"type":"binary-expr","locations":[{"start":{"line":70,"column":13},"end":{"line":70,"column":22}},{"start":{"line":70,"column":27},"end":{"line":70,"column":101}}],"line":70},"1":{"loc":{"start":{"line":70,"column":52},"end":{"line":70,"column":101}},"type":"binary-expr","locations":[{"start":{"line":70,"column":52},"end":{"line":70,"column":70}},{"start":{"line":70,"column":74},"end":{"line":70,"column":101}}],"line":70},"2":{"loc":{"start":{"line":73,"column":13},"end":{"line":73,"column":86}},"type":"binary-expr","locations":[{"start":{"line":73,"column":13},"end":{"line":73,"column":22}},{"start":{"line":73,"column":27},"end":{"line":73,"column":85}}],"line":73},"3":{"loc":{"start":{"line":73,"column":52},"end":{"line":73,"column":85}},"type":"binary-expr","locations":[{"start":{"line":73,"column":52},"end":{"line":73,"column":62}},{"start":{"line":73,"column":66},"end":{"line":73,"column":85}}],"line":73}},"s":{"0":1,"1":1,"2":1,"3":1,"4":1,"5":1,"6":1,"7":1,"8":1,"9":1,"10":1,"11":1,"12":2,"13":1,"14":1,"15":1},"f":{"0":2,"1":1,"2":1},"b":{"0":[2,2],"1":[1,1],"2":[2,2],"3":[1,1]},"inputSourceMap":{"0":"{","1":"\"","2":"v","3":"e","4":"r","5":"s","6":"i","7":"o","8":"n","9":"\"","10":":","11":"3","12":",","13":"\"","14":"s","15":"o","16":"u","17":"r","18":"c","19":"e","20":"s","21":"\"","22":":","23":"[","24":"\"","25":"C","26":":","27":"\\","28":"\\","29":"U","30":"s","31":"e","32":"r","33":"s","34":"\\","35":"\\","36":"h","37":"o","38":"a","39":"n","40":"n","41":"\\","42":"\\","43":"D","44":"o","45":"c","46":"u","47":"m","48":"e","49":"n","50":"t","51":"s","52":"\\","53":"\\","54":"p","55":"r","56":"o","57":"j","58":"e","59":"t","60":"o","61":"s","62":"\\","63":"\\","64":"i","65":"n","66":"v","67":"e","68":"n","69":"t","70":"o","71":"r","72":"y","73":"-","74":"c","75":"o","76":"n","77":"t","78":"r","79":"o","80":"l","81":"\\","82":"\\","83":"s","84":"r","85":"c","86":"\\","87":"\\","88":"c","89":"o","90":"m","91":"p","92":"o","93":"n","94":"e","95":"n","96":"t","97":"s","98":"\\","99":"\\","100":"D","101":"e","102":"l","103":"e","104":"t","105":"e","106":"I","107":"n","108":"v","109":"e","110":"n","111":"t","112":"o","113":"r","114":"y","115":"P","116":"r","117":"o","118":"d","119":"u","120":"c","121":"t","122":".","123":"v","124":"u","125":"e","126":"\"","127":"]","128":",","129":"\"","130":"n","131":"a","132":"m","133":"e","134":"s","135":"\"","136":":","137":"[","138":"]","139":",","140":"\"","141":"m","142":"a","143":"p","144":"p","145":"i","146":"n","147":"g","148":"s","149":"\"","150":":","151":"\"","152":";","153":";","154":";","155":";","156":";","157":";","158":";","159":"A","160":"A","161":"q","162":"B","163":"A","164":";","165":"A","166":"A","167":"A","168":"A","169":";","170":"A","171":"A","172":"A","173":"A","174":";","175":"A","176":"A","177":"A","178":"k","179":"C","180":";","181":"A","182":"A","183":"A","184":"A","185":",","186":"i","187":"C","188":"A","189":"E","190":"n","191":"B","192":";","193":"E","194":"A","195":"C","196":"b","197":",","198":"I","199":"A","200":"A","201":"I","202":",","203":"E","204":"A","205":"A","206":"E","207":",","208":"w","209":"B","210":"A","211":"A","212":"w","213":"B","214":";","215":"E","216":"A","217":"C","218":"9","219":"B","220":",","221":"K","222":"A","223":"A","224":"K","225":",","226":"E","227":"A","228":"A","229":"E","230":";","231":"I","232":"A","233":"C","234":"L","235":",","236":"Y","237":"A","238":"A","239":"Y","240":",","241":"E","242":"A","243":"A","244":"E","245":";","246":"M","247":"A","248":"C","249":"Z","250":",","251":"I","252":"A","253":"A","254":"I","255":",","256":"E","257":"A","258":"A","259":"E","260":",","261":"M","262":"A","263":"A","264":"M","265":";","266":"M","267":"A","268":"C","269":"Z","270":",","271":"Q","272":"A","273":"A","274":"Q","275":",","276":"E","277":"A","278":"A","279":"E","280":";","281":"I","282":"A","283":"C","284":"Z","285":";","286":"E","287":"A","288":"C","289":"F","290":",","291":"C","292":"A","293":"A","294":"C","295":";","296":"E","297":"A","298":"C","299":"D","300":",","301":"O","302":"A","303":"A","304":"O","305":",","306":"E","307":"A","308":"A","309":"E","310":";","311":"I","312":"A","313":"C","314":"P","315":";","316":"I","317":"A","318":"A","319":"G","320":";","321":"I","322":"A","323":"A","324":"A","325":";","326":"I","327":"A","328":"A","329":"A","330":";","331":"I","332":"A","333":"A","334":"A","335":";","336":"I","337":"A","338":"A","339":"A","340":";","341":"I","342":"A","343":"A","344":"A","345":",","346":"U","347":"A","348":"A","349":"U","350":",","351":"E","352":"A","353":"A","354":"C","355":",","356":"C","357":"A","358":"A","359":"C","360":",","361":"e","362":"A","363":"A","364":"e","365":",","366":"C","367":"A","368":"A","369":"C","370":",","371":"C","372":"A","373":"A","374":"C","375":";","376":"I","377":"A","378":"E","379":"h","380":"C","381":",","382":"a","383":"A","384":"A","385":"a","386":",","387":"G","388":"A","389":"A","390":"G","391":";","392":"M","393":"A","394":"C","395":"d","396":",","397":"I","398":"A","399":"A","400":"I","401":",","402":"C","403":"A","404":"A","405":"C","406":",","407":"a","408":"A","409":"A","410":"a","411":",","412":"C","413":"A","414":"A","415":"C","416":",","417":"I","418":"A","419":"A","420":"I","421":",","422":"C","423":"A","424":"A","425":"C","426":",","427":"Y","428":"A","429":"A","430":"Y","431":",","432":"C","433":"A","434":"A","435":"C","436":";","437":"M","438":"A","439":"C","440":"r","441":"C","442":",","443":"I","444":"A","445":"A","446":"I","447":",","448":"C","449":"A","450":"A","451":"C","452":",","453":"K","454":"A","455":"A","456":"K","457":",","458":"C","459":"A","460":"A","461":"C","462":",","463":"C","464":"A","465":"A","466":"C","467":";","468":"I","469":"A","470":"C","471":"d","472":",","473":"C","474":"A","475":"A","476":"C","477":";","478":"I","479":"A","480":"E","481":"D","482":",","483":"K","484":"A","485":"A","486":"K","487":",","488":"G","489":"A","490":"A","491":"G","492":";","493":"M","494":"A","495":"C","496":"N","497":",","498":"I","499":"A","500":"A","501":"I","502":",","503":"C","504":"A","505":"A","506":"C","507":",","508":"K","509":"A","510":"A","511":"K","512":",","513":"C","514":"A","515":"A","516":"C","517":",","518":"O","519":"A","520":"A","521":"O","522":",","523":"C","524":"A","525":"A","526":"C","527":";","528":"I","529":"A","530":"C","531":"r","532":"B","533":";","534":"E","535":"A","536":"C","537":"F","538":";","539":"A","540":"A","541":"C","542":"F","543":",","544":"C","545":"A","546":"A","547":"C","548":"\"","549":",","550":"\"","551":"f","552":"i","553":"l","554":"e","555":"\"","556":":","557":"\"","558":"C","559":":","560":"\\","561":"\\","562":"U","563":"s","564":"e","565":"r","566":"s","567":"\\","568":"\\","569":"h","570":"o","571":"a","572":"n","573":"n","574":"\\","575":"\\","576":"D","577":"o","578":"c","579":"u","580":"m","581":"e","582":"n","583":"t","584":"s","585":"\\","586":"\\","587":"p","588":"r","589":"o","590":"j","591":"e","592":"t","593":"o","594":"s","595":"\\","596":"\\","597":"i","598":"n","599":"v","600":"e","601":"n","602":"t","603":"o","604":"r","605":"y","606":"-","607":"c","608":"o","609":"n","610":"t","611":"r","612":"o","613":"l","614":"\\","615":"\\","616":"s","617":"r","618":"c","619":"\\","620":"\\","621":"c","622":"o","623":"m","624":"p","625":"o","626":"n","627":"e","628":"n","629":"t","630":"s","631":"\\","632":"\\","633":"D","634":"e","635":"l","636":"e","637":"t","638":"e","639":"I","640":"n","641":"v","642":"e","643":"n","644":"t","645":"o","646":"r","647":"y","648":"P","649":"r","650":"o","651":"d","652":"u","653":"c","654":"t","655":".","656":"v","657":"u","658":"e","659":"\"","660":",","661":"\"","662":"s","663":"o","664":"u","665":"r","666":"c","667":"e","668":"s","669":"C","670":"o","671":"n","672":"t","673":"e","674":"n","675":"t","676":"\"","677":":","678":"[","679":"\"","680":"<","681":"t","682":"e","683":"m","684":"p","685":"l","686":"a","687":"t","688":"e","689":">","690":"\\","691":"r","692":"\\","693":"n","694":" ","695":" ","696":"<","697":"d","698":"i","699":"v","700":" ","701":"c","702":"l","703":"a","704":"s","705":"s","706":"=","707":"\\","708":"\"","709":"f","710":"i","711":"x","712":"e","713":"d","714":" ","715":"l","716":"e","717":"f","718":"t","719":"-","720":"0","721":" ","722":"t","723":"o","724":"p","725":"-","726":"0","727":" ","728":"f","729":"l","730":"e","731":"x","732":" ","733":"h","734":"-","735":"f","736":"u","737":"l","738":"l","739":" ","740":"w","741":"-","742":"f","743":"u","744":"l","745":"l","746":" ","747":"i","748":"t","749":"e","750":"m","751":"s","752":"-","753":"c","754":"e","755":"n","756":"t","757":"e","758":"r","759":" ","760":"j","761":"u","762":"s","763":"t","764":"i","765":"f","766":"y","767":"-","768":"c","769":"e","770":"n","771":"t","772":"e","773":"r","774":" ","775":"b","776":"g","777":"-","778":"b","779":"l","780":"a","781":"c","782":"k","783":" ","784":"b","785":"g","786":"-","787":"o","788":"p","789":"a","790":"c","791":"i","792":"t","793":"y","794":"-","795":"5","796":"0","797":" ","798":"p","799":"y","800":"-","801":"1","802":"0","803":"\\","804":"\"","805":">","806":"\\","807":"r","808":"\\","809":"n","810":" ","811":" ","812":" ","813":" ","814":"<","815":"d","816":"i","817":"v","818":" ","819":"c","820":"l","821":"a","822":"s","823":"s","824":"=","825":"\\","826":"\"","827":"m","828":"a","829":"x","830":"-","831":"h","832":"-","833":"f","834":"u","835":"l","836":"l","837":" ","838":"w","839":"-","840":"f","841":"u","842":"l","843":"l","844":" ","845":"m","846":"a","847":"x","848":"-","849":"w","850":"-","851":"x","852":"l","853":" ","854":"o","855":"v","856":"e","857":"r","858":"f","859":"l","860":"o","861":"w","862":"-","863":"y","864":"-","865":"a","866":"u","867":"t","868":"o","869":" ","870":"s","871":"m","872":":","873":"r","874":"o","875":"u","876":"n","877":"d","878":"e","879":"d","880":"-","881":"2","882":"x","883":"l","884":" ","885":"b","886":"g","887":"-","888":"w","889":"h","890":"i","891":"t","892":"e","893":"\\","894":"\"","895":">","896":"\\","897":"r","898":"\\","899":"n","900":" ","901":" ","902":" ","903":" ","904":" ","905":" ","906":"<","907":"d","908":"i","909":"v","910":" ","911":"c","912":"l","913":"a","914":"s","915":"s","916":"=","917":"\\","918":"\"","919":"w","920":"-","921":"f","922":"u","923":"l","924":"l","925":"\\","926":"\"","927":">","928":"\\","929":"r","930":"\\","931":"n","932":" ","933":" ","934":" ","935":" ","936":" ","937":" ","938":" ","939":" ","940":"<","941":"d","942":"i","943":"v","944":" ","945":"c","946":"l","947":"a","948":"s","949":"s","950":"=","951":"\\","952":"\"","953":"m","954":"-","955":"8","956":" ","957":"m","958":"y","959":"-","960":"2","961":"0","962":" ","963":"m","964":"a","965":"x","966":"-","967":"w","968":"-","969":"[","970":"4","971":"0","972":"0","973":"p","974":"x","975":"]","976":" ","977":"m","978":"x","979":"-","980":"a","981":"u","982":"t","983":"o","984":"\\","985":"\"","986":">","987":"\\","988":"r","989":"\\","990":"n","991":" ","992":" ","993":" ","994":" ","995":" ","996":" ","997":" ","998":" ","999":" ","1000":" ","1001":"<","1002":"d","1003":"i","1004":"v","1005":" ","1006":"c","1007":"l","1008":"a","1009":"s","1010":"s","1011":"=","1012":"\\","1013":"\"","1014":"m","1015":"b","1016":"-","1017":"8","1018":"\\","1019":"\"","1020":">","1021":"\\","1022":"r","1023":"\\","1024":"n","1025":" ","1026":" ","1027":" ","1028":" ","1029":" ","1030":" ","1031":" ","1032":" ","1033":" ","1034":" ","1035":" ","1036":" ","1037":"<","1038":"h","1039":"1","1040":" ","1041":"c","1042":"l","1043":"a","1044":"s","1045":"s","1046":"=","1047":"\\","1048":"\"","1049":"m","1050":"b","1051":"-","1052":"4","1053":" ","1054":"t","1055":"e","1056":"x","1057":"t","1058":"-","1059":"3","1060":"x","1061":"l","1062":" ","1063":"f","1064":"o","1065":"n","1066":"t","1067":"-","1068":"e","1069":"x","1070":"t","1071":"r","1072":"a","1073":"b","1074":"o","1075":"l","1076":"d","1077":"\\","1078":"\"","1079":">","1080":"A","1081":"v","1082":"i","1083":"s","1084":"o","1085":"<","1086":"/","1087":"h","1088":"1","1089":">","1090":"\\","1091":"r","1092":"\\","1093":"n","1094":" ","1095":" ","1096":" ","1097":" ","1098":" ","1099":" ","1100":" ","1101":" ","1102":" ","1103":" ","1104":" ","1105":" ","1106":"<","1107":"p","1108":" ","1109":"c","1110":"l","1111":"a","1112":"s","1113":"s","1114":"=","1115":"\\","1116":"\"","1117":"t","1118":"e","1119":"x","1120":"t","1121":"-","1122":"g","1123":"r","1124":"a","1125":"y","1126":"-","1127":"6","1128":"0","1129":"0","1130":"\\","1131":"\"","1132":">","1133":"V","1134":"o","1135":"c","1136":"ê","1137":" ","1138":"t","1139":"e","1140":"m","1141":" ","1142":"c","1143":"e","1144":"r","1145":"t","1146":"e","1147":"z","1148":"a","1149":" ","1150":"q","1151":"u","1152":"e","1153":" ","1154":"d","1155":"e","1156":"s","1157":"e","1158":"j","1159":"a","1160":" ","1161":"a","1162":"p","1163":"a","1164":"g","1165":"a","1166":"r","1167":" ","1168":"e","1169":"s","1170":"t","1171":"e","1172":" ","1173":"p","1174":"r","1175":"o","1176":"d","1177":"u","1178":"t","1179":"o","1180":" ","1181":"d","1182":"o","1183":" ","1184":"s","1185":"e","1186":"u","1187":" ","1188":"e","1189":"s","1190":"t","1191":"o","1192":"q","1193":"u","1194":"e","1195":"?","1196":"<","1197":"/","1198":"p","1199":">","1200":"\\","1201":"r","1202":"\\","1203":"n","1204":" ","1205":" ","1206":" ","1207":" ","1208":" ","1209":" ","1210":" ","1211":" ","1212":" ","1213":" ","1214":" ","1215":" ","1216":"<","1217":"p","1218":" ","1219":"c","1220":"l","1221":"a","1222":"s","1223":"s","1224":"=","1225":"\\","1226":"\"","1227":"t","1228":"e","1229":"x","1230":"t","1231":"-","1232":"g","1233":"r","1234":"a","1235":"y","1236":"-","1237":"4","1238":"0","1239":"0","1240":"\\","1241":"\"","1242":">","1243":"E","1244":"s","1245":"t","1246":"á","1247":" ","1248":"a","1249":"ç","1250":"ã","1251":"o","1252":" ","1253":"n","1254":"ã","1255":"o","1256":" ","1257":"p","1258":"o","1259":"d","1260":"e","1261":"r","1262":"á","1263":" ","1264":"s","1265":"e","1266":"r","1267":" ","1268":"d","1269":"e","1270":"s","1271":"f","1272":"e","1273":"i","1274":"t","1275":"a","1276":".","1277":"<","1278":"/","1279":"p","1280":">","1281":"\\","1282":"r","1283":"\\","1284":"n","1285":" ","1286":" ","1287":" ","1288":" ","1289":" ","1290":" ","1291":" ","1292":" ","1293":" ","1294":" ","1295":"<","1296":"/","1297":"d","1298":"i","1299":"v","1300":">","1301":"\\","1302":"r","1303":"\\","1304":"n","1305":" ","1306":" ","1307":" ","1308":" ","1309":" ","1310":" ","1311":" ","1312":" ","1313":" ","1314":" ","1315":"<","1316":"d","1317":"i","1318":"v","1319":" ","1320":"c","1321":"l","1322":"a","1323":"s","1324":"s","1325":"=","1326":"\\","1327":"\"","1328":"s","1329":"p","1330":"a","1331":"c","1332":"e","1333":"-","1334":"y","1335":"-","1336":"4","1337":"\\","1338":"\"","1339":">","1340":"\\","1341":"r","1342":"\\","1343":"n","1344":" ","1345":" ","1346":" ","1347":" ","1348":" ","1349":" ","1350":" ","1351":" ","1352":" ","1353":" ","1354":" ","1355":" ","1356":"<","1357":"b","1358":"u","1359":"t","1360":"t","1361":"o","1362":"n","1363":" ","1364":"@","1365":"c","1366":"l","1367":"i","1368":"c","1369":"k","1370":"=","1371":"\\","1372":"\"","1373":"c","1374":"o","1375":"n","1376":"f","1377":"i","1378":"r","1379":"m","1380":"D","1381":"e","1382":"l","1383":"e","1384":"t","1385":"e","1386":"\\","1387":"\"","1388":" ","1389":"c","1390":"l","1391":"a","1392":"s","1393":"s","1394":"=","1395":"\\","1396":"\"","1397":"p","1398":"-","1399":"3","1400":" ","1401":"b","1402":"g","1403":"-","1404":"b","1405":"l","1406":"u","1407":"e","1408":"-","1409":"5","1410":"0","1411":"0","1412":" ","1413":"r","1414":"o","1415":"u","1416":"n","1417":"d","1418":"e","1419":"d","1420":"-","1421":"f","1422":"u","1423":"l","1424":"l","1425":" ","1426":"t","1427":"e","1428":"x","1429":"t","1430":"-","1431":"w","1432":"h","1433":"i","1434":"t","1435":"e","1436":" ","1437":"w","1438":"-","1439":"f","1440":"u","1441":"l","1442":"l","1443":"\\","1444":"\"","1445":">","1446":"A","1447":"p","1448":"a","1449":"g","1450":"a","1451":"r","1452":"<","1453":"/","1454":"b","1455":"u","1456":"t","1457":"t","1458":"o","1459":"n","1460":">","1461":"\\","1462":"r","1463":"\\","1464":"n","1465":" ","1466":" ","1467":" ","1468":" ","1469":" ","1470":" ","1471":" ","1472":" ","1473":" ","1474":" ","1475":" ","1476":" ","1477":"<","1478":"b","1479":"u","1480":"t","1481":"t","1482":"o","1483":"n","1484":" ","1485":"@","1486":"c","1487":"l","1488":"i","1489":"c","1490":"k","1491":"=","1492":"\\","1493":"\"","1494":"c","1495":"l","1496":"o","1497":"s","1498":"e","1499":"\\","1500":"\"","1501":" ","1502":"c","1503":"l","1504":"a","1505":"s","1506":"s","1507":"=","1508":"\\","1509":"\"","1510":"p","1511":"-","1512":"3","1513":" ","1514":"b","1515":"g","1516":"-","1517":"w","1518":"h","1519":"i","1520":"t","1521":"e","1522":" ","1523":"b","1524":"o","1525":"r","1526":"d","1527":"e","1528":"r","1529":" ","1530":"r","1531":"o","1532":"u","1533":"n","1534":"d","1535":"e","1536":"d","1537":"-","1538":"f","1539":"u","1540":"l","1541":"l","1542":" ","1543":"w","1544":"-","1545":"f","1546":"u","1547":"l","1548":"l","1549":"\\","1550":"\"","1551":">","1552":"C","1553":"a","1554":"n","1555":"c","1556":"e","1557":"l","1558":"a","1559":"r","1560":"<","1561":"/","1562":"b","1563":"u","1564":"t","1565":"t","1566":"o","1567":"n","1568":">","1569":"\\","1570":"r","1571":"\\","1572":"n","1573":" ","1574":" ","1575":" ","1576":" ","1577":" ","1578":" ","1579":" ","1580":" ","1581":" ","1582":" ","1583":"<","1584":"/","1585":"d","1586":"i","1587":"v","1588":">","1589":"\\","1590":"r","1591":"\\","1592":"n","1593":" ","1594":" ","1595":" ","1596":" ","1597":" ","1598":" ","1599":" ","1600":" ","1601":"<","1602":"/","1603":"d","1604":"i","1605":"v","1606":">","1607":"\\","1608":"r","1609":"\\","1610":"n","1611":" ","1612":" ","1613":" ","1614":" ","1615":" ","1616":" ","1617":"<","1618":"/","1619":"d","1620":"i","1621":"v","1622":">","1623":"\\","1624":"r","1625":"\\","1626":"n","1627":" ","1628":" ","1629":" ","1630":" ","1631":"<","1632":"/","1633":"d","1634":"i","1635":"v","1636":">","1637":"\\","1638":"r","1639":"\\","1640":"n","1641":" ","1642":" ","1643":"<","1644":"/","1645":"d","1646":"i","1647":"v","1648":">","1649":"\\","1650":"r","1651":"\\","1652":"n","1653":"<","1654":"/","1655":"t","1656":"e","1657":"m","1658":"p","1659":"l","1660":"a","1661":"t","1662":"e","1663":">","1664":"\\","1665":"r","1666":"\\","1667":"n","1668":"\\","1669":"r","1670":"\\","1671":"n","1672":"<","1673":"s","1674":"c","1675":"r","1676":"i","1677":"p","1678":"t","1679":">","1680":"\\","1681":"r","1682":"\\","1683":"n","1684":"i","1685":"m","1686":"p","1687":"o","1688":"r","1689":"t","1690":" ","1691":"{","1692":" ","1693":"m","1694":"a","1695":"p","1696":"A","1697":"c","1698":"t","1699":"i","1700":"o","1701":"n","1702":"s","1703":" ","1704":"}","1705":" ","1706":"f","1707":"r","1708":"o","1709":"m","1710":" ","1711":"\\","1712":"\"","1713":"v","1714":"u","1715":"e","1716":"x","1717":"\\","1718":"\"","1719":";","1720":"\\","1721":"r","1722":"\\","1723":"n","1724":"\\","1725":"r","1726":"\\","1727":"n","1728":"e","1729":"x","1730":"p","1731":"o","1732":"r","1733":"t","1734":" ","1735":"d","1736":"e","1737":"f","1738":"a","1739":"u","1740":"l","1741":"t","1742":" ","1743":"{","1744":"\\","1745":"r","1746":"\\","1747":"n","1748":" ","1749":" ","1750":"n","1751":"a","1752":"m","1753":"e","1754":":","1755":" ","1756":"\\","1757":"\"","1758":"D","1759":"e","1760":"l","1761":"e","1762":"t","1763":"e","1764":"I","1765":"n","1766":"v","1767":"e","1768":"n","1769":"t","1770":"o","1771":"r","1772":"y","1773":"P","1774":"r","1775":"o","1776":"d","1777":"u","1778":"c","1779":"t","1780":"\\","1781":"\"","1782":",","1783":"\\","1784":"r","1785":"\\","1786":"n","1787":" ","1788":" ","1789":"p","1790":"r","1791":"o","1792":"p","1793":"s","1794":":","1795":" ","1796":"{","1797":"\\","1798":"r","1799":"\\","1800":"n","1801":" ","1802":" ","1803":" ","1804":" ","1805":"p","1806":"r","1807":"o","1808":"d","1809":"u","1810":"c","1811":"t","1812":"I","1813":"n","1814":"d","1815":"e","1816":"x","1817":":","1818":" ","1819":"{","1820":"\\","1821":"r","1822":"\\","1823":"n","1824":" ","1825":" ","1826":" ","1827":" ","1828":" ","1829":" ","1830":"t","1831":"y","1832":"p","1833":"e","1834":":","1835":" ","1836":"N","1837":"u","1838":"m","1839":"b","1840":"e","1841":"r","1842":",","1843":"\\","1844":"r","1845":"\\","1846":"n","1847":" ","1848":" ","1849":" ","1850":" ","1851":" ","1852":" ","1853":"r","1854":"e","1855":"q","1856":"u","1857":"i","1858":"r","1859":"e","1860":"d","1861":":","1862":" ","1863":"t","1864":"r","1865":"u","1866":"e","1867":"\\","1868":"r","1869":"\\","1870":"n","1871":" ","1872":" ","1873":" ","1874":" ","1875":"}","1876":"\\","1877":"r","1878":"\\","1879":"n","1880":" ","1881":" ","1882":"}","1883":",","1884":"\\","1885":"r","1886":"\\","1887":"n","1888":" ","1889":" ","1890":"m","1891":"e","1892":"t","1893":"h","1894":"o","1895":"d","1896":"s","1897":":","1898":" ","1899":"{","1900":"\\","1901":"r","1902":"\\","1903":"n","1904":" ","1905":" ","1906":" ","1907":" ","1908":".","1909":".","1910":".","1911":"m","1912":"a","1913":"p","1914":"A","1915":"c","1916":"t","1917":"i","1918":"o","1919":"n","1920":"s","1921":"(","1922":"[","1923":"'","1924":"d","1925":"e","1926":"l","1927":"e","1928":"t","1929":"e","1930":"P","1931":"r","1932":"o","1933":"d","1934":"u","1935":"c","1936":"t","1937":"'","1938":"]","1939":")","1940":",","1941":"\\","1942":"r","1943":"\\","1944":"n","1945":"\\","1946":"r","1947":"\\","1948":"n","1949":" ","1950":" ","1951":" ","1952":" ","1953":"c","1954":"o","1955":"n","1956":"f","1957":"i","1958":"r","1959":"m","1960":"D","1961":"e","1962":"l","1963":"e","1964":"t","1965":"e","1966":"(","1967":")","1968":" ","1969":"{","1970":"\\","1971":"r","1972":"\\","1973":"n","1974":" ","1975":" ","1976":" ","1977":" ","1978":" ","1979":" ","1980":"t","1981":"h","1982":"i","1983":"s","1984":".","1985":"d","1986":"e","1987":"l","1988":"e","1989":"t","1990":"e","1991":"P","1992":"r","1993":"o","1994":"d","1995":"u","1996":"c","1997":"t","1998":"(","1999":"t","2000":"h","2001":"i","2002":"s","2003":".","2004":"p","2005":"r","2006":"o","2007":"d","2008":"u","2009":"c","2010":"t","2011":"I","2012":"n","2013":"d","2014":"e","2015":"x","2016":")","2017":";","2018":"\\","2019":"r","2020":"\\","2021":"n","2022":" ","2023":" ","2024":" ","2025":" ","2026":" ","2027":" ","2028":"t","2029":"h","2030":"i","2031":"s","2032":".","2033":"c","2034":"l","2035":"o","2036":"s","2037":"e","2038":"(","2039":")","2040":";","2041":"\\","2042":"r","2043":"\\","2044":"n","2045":" ","2046":" ","2047":" ","2048":" ","2049":"}","2050":",","2051":"\\","2052":"r","2053":"\\","2054":"n","2055":"\\","2056":"r","2057":"\\","2058":"n","2059":" ","2060":" ","2061":" ","2062":" ","2063":"c","2064":"l","2065":"o","2066":"s","2067":"e","2068":"(","2069":")","2070":" ","2071":"{","2072":"\\","2073":"r","2074":"\\","2075":"n","2076":" ","2077":" ","2078":" ","2079":" ","2080":" ","2081":" ","2082":"t","2083":"h"
[...]
x","4645":"p","4646":"o","4647":"r","4648":"t","4649":" ","4650":"d","4651":"e","4652":"f","4653":"a","4654":"u","4655":"l","4656":"t","4657":" ","4658":"{","4659":"\\","4660":"n","4661":" ","4662":" ","4663":"n","4664":"a","4665":"m","4666":"e","4667":":","4668":" ","4669":"'","4670":"H","4671":"o","4672":"m","4673":"e","4674":"V","4675":"i","4676":"e","4677":"w","4678":"'","4679":",","4680":"\\","4681":"n","4682":" ","4683":" ","4684":"c","4685":"o","4686":"m","4687":"p","4688":"o","4689":"n","4690":"e","4691":"n","4692":"t","4693":"s","4694":":","4695":" ","4696":"{","4697":" ","4698":"A","4699":"d","4700":"d","4701":"P","4702":"r","4703":"o","4704":"d","4705":"u","4706":"c","4707":"t","4708":"M","4709":"o","4710":"d","4711":"a","4712":"l","4713":",","4714":" ","4715":"D","4716":"e","4717":"l","4718":"e","4719":"t","4720":"e","4721":"I","4722":"n","4723":"v","4724":"e","4725":"n","4726":"t","4727":"o","4728":"r","4729":"y","4730":"P","4731":"r","4732":"o","4733":"d","4734":"u","4735":"c","4736":"t","4737":",","4738":" ","4739":"E","4740":"d","4741":"i","4742":"t","4743":"P","4744":"r","4745":"o","4746":"d","4747":"u","4748":"c","4749":"t","4750":"M","4751":"o","4752":"d","4753":"a","4754":"l","4755":" ","4756":"}","4757":",","4758":"\\","4759":"n","4760":" ","4761":" ","4762":"d","4763":"a","4764":"t","4765":"a","4766":"(","4767":")","4768":" ","4769":"{","4770":"\\","4771":"n","4772":" ","4773":" ","4774":" ","4775":" ","4776":"r","4777":"e","4778":"t","4779":"u","4780":"r","4781":"n","4782":" ","4783":"{","4784":"\\","4785":"n","4786":" ","4787":" ","4788":" ","4789":" ","4790":" ","4791":" ","4792":"a","4793":"d","4794":"d","4795":"P","4796":"r","4797":"o","4798":"d","4799":"u","4800":"c","4801":"t","4802":"M","4803":"o","4804":"d","4805":"a","4806":"l","4807":":","4808":" ","4809":"f","4810":"a","4811":"l","4812":"s","4813":"e","4814":",","4815":"\\","4816":"n","4817":" ","4818":" ","4819":" ","4820":" ","4821":" ","4822":" ","4823":"s","4824":"h","4825":"o","4826":"w","4827":"D","4828":"e","4829":"l","4830":"e","4831":"t","4832":"e","4833":"P","4834":"r","4835":"o","4836":"d","4837":"u","4838":"c","4839":"t","4840":"M","4841":"o","4842":"d","4843":"a","4844":"l","4845":":","4846":" ","4847":"f","4848":"a","4849":"l","4850":"s","4851":"e","4852":",","4853":"\\","4854":"n","4855":" ","4856":" ","4857":" ","4858":" ","4859":" ","4860":" ","4861":"s","4862":"h","4863":"o","4864":"w","4865":"E","4866":"d","4867":"i","4868":"t","4869":"P","4870":"r","4871":"o","4872":"d","4873":"u","4874":"c","4875":"t","4876":"M","4877":"o","4878":"d","4879":"a","4880":"l","4881":":","4882":" ","4883":"f","4884":"a","4885":"l","4886":"s","4887":"e","4888":",","4889":"\\","4890":"n","4891":" ","4892":" ","4893":" ","4894":" ","4895":" ","4896":" ","4897":"s","4898":"e","4899":"l","4900":"e","4901":"c","4902":"t","4903":"e","4904":"d","4905":"P","4906":"r","4907":"o","4908":"d","4909":"u","4910":"c","4911":"t","4912":"I","4913":"n","4914":"d","4915":"e","4916":"x","4917":":","4918":" ","4919":"n","4920":"u","4921":"l","4922":"l","4923":",","4924":"\\","4925":"n","4926":" ","4927":" ","4928":" ","4929":" ","4930":" ","4931":" ","4932":"s","4933":"e","4934":"a","4935":"r","4936":"c","4937":"h","4938":"Q","4939":"u","4940":"e","4941":"r","4942":"y","4943":":","4944":" ","4945":"'","4946":"'","4947":",","4948":"\\","4949":"n","4950":" ","4951":" ","4952":" ","4953":" ","4954":"}","4955":"\\","4956":"n","4957":" ","4958":" ","4959":"}","4960":",","4961":"\\","4962":"n","4963":" ","4964":" ","4965":"c","4966":"o","4967":"m","4968":"p","4969":"u","4970":"t","4971":"e","4972":"d","4973":":","4974":" ","4975":"{","4976":"\\","4977":"n","4978":" ","4979":" ","4980":" ","4981":" ","4982":".","4983":".","4984":".","4985":"m","4986":"a","4987":"p","4988":"S","4989":"t","4990":"a","4991":"t","4992":"e","4993":"(","4994":"[","4995":"'","4996":"p","4997":"r","4998":"o","4999":"d","5000":"u","5001":"c","5002":"t","5003":"s","5004":"'","5005":"]","5006":")","5007":",","5008":"\\","5009":"n","5010":"\\","5011":"n","5012":" ","5013":" ","5014":" ","5015":" ","5016":"s","5017":"e","5018":"l","5019":"e","5020":"c","5021":"t","5022":"e","5023":"d","5024":"P","5025":"r","5026":"o","5027":"d","5028":"u","5029":"c","5030":"t","5031":"(","5032":")","5033":" ","5034":"{","5035":"\\","5036":"n","5037":" ","5038":" ","5039":" ","5040":" ","5041":" ","5042":" ","5043":"r","5044":"e","5045":"t","5046":"u","5047":"r","5048":"n","5049":" ","5050":"t","5051":"h","5052":"i","5053":"s","5054":".","5055":"s","5056":"e","5057":"l","5058":"e","5059":"c","5060":"t","5061":"e","5062":"d","5063":"P","5064":"r","5065":"o","5066":"d","5067":"u","5068":"c","5069":"t","5070":"I","5071":"n","5072":"d","5073":"e","5074":"x","5075":" ","5076":"!","5077":"=","5078":"=","5079":" ","5080":"n","5081":"u","5082":"l","5083":"l","5084":"\\","5085":"n","5086":" ","5087":" ","5088":" ","5089":" ","5090":" ","5091":" ","5092":" ","5093":" ","5094":"?","5095":" ","5096":"t","5097":"h","5098":"i","5099":"s","5100":".","5101":"p","5102":"r","5103":"o","5104":"d","5105":"u","5106":"c","5107":"t","5108":"s","5109":"[","5110":"t","5111":"h","5112":"i","5113":"s","5114":".","5115":"s","5116":"e","5117":"l","5118":"e","5119":"c","5120":"t","5121":"e","5122":"d","5123":"P","5124":"r","5125":"o","5126":"d","5127":"u","5128":"c","5129":"t","5130":"I","5131":"n","5132":"d","5133":"e","5134":"x","5135":"]","5136":"\\","5137":"n","5138":" ","5139":" ","5140":" ","5141":" ","5142":" ","5143":" ","5144":" ","5145":" ","5146":":","5147":" ","5148":"n","5149":"u","5150":"l","5151":"l","5152":";","5153":"\\","5154":"n","5155":" ","5156":" ","5157":" ","5158":" ","5159":"}","5160":",","5161":"\\","5162":"n","5163":"\\","5164":"n","5165":" ","5166":" ","5167":" ","5168":" ","5169":"f","5170":"i","5171":"l","5172":"t","5173":"e","5174":"r","5175":"e","5176":"d","5177":"P","5178":"r","5179":"o","5180":"d","5181":"u","5182":"c","5183":"t","5184":"s","5185":"(","5186":")","5187":" ","5188":"{","5189":"\\","5190":"n","5191":" ","5192":" ","5193":" ","5194":" ","5195":" ","5196":" ","5197":"i","5198":"f","5199":" ","5200":"(","5201":"!","5202":"t","5203":"h","5204":"i","5205":"s","5206":".","5207":"s","5208":"e","5209":"a","5210":"r","5211":"c","5212":"h","5213":"Q","5214":"u","5215":"e","5216":"r","5217":"y","5218":")","5219":" ","5220":"{","5221":"\\","5222":"n","5223":" ","5224":" ","5225":" ","5226":" ","5227":" ","5228":" ","5229":" ","5230":" ","5231":"r","5232":"e","5233":"t","5234":"u","5235":"r","5236":"n","5237":" ","5238":"t","5239":"h","5240":"i","5241":"s","5242":".","5243":"p","5244":"r","5245":"o","5246":"d","5247":"u","5248":"c","5249":"t","5250":"s","5251":";","5252":"\\","5253":"n","5254":" ","5255":" ","5256":" ","5257":" ","5258":" ","5259":" ","5260":"}","5261":"\\","5262":"n","5263":" ","5264":" ","5265":" ","5266":" ","5267":" ","5268":" ","5269":"c","5270":"o","5271":"n","5272":"s","5273":"t","5274":" ","5275":"q","5276":"u","5277":"e","5278":"r","5279":"y","5280":" ","5281":"=","5282":" ","5283":"t","5284":"h","5285":"i","5286":"s","5287":".","5288":"s","5289":"e","5290":"a","5291":"r","5292":"c","5293":"h","5294":"Q","5295":"u","5296":"e","5297":"r","5298":"y","5299":".","5300":"t","5301":"o","5302":"L","5303":"o","5304":"w","5305":"e","5306":"r","5307":"C","5308":"a","5309":"s","5310":"e","5311":"(","5312":")","5313":";","5314":"\\","5315":"n","5316":" ","5317":" ","5318":" ","5319":" ","5320":" ","5321":" ","5322":"r","5323":"e","5324":"t","5325":"u","5326":"r","5327":"n","5328":" ","5329":"t","5330":"h","5331":"i","5332":"s","5333":".","5334":"p","5335":"r","5336":"o","5337":"d","5338":"u","5339":"c","5340":"t","5341":"s","5342":".","5343":"f","5344":"i","5345":"l","5346":"t","5347":"e","5348":"r","5349":"(","5350":"p","5351":"r","5352":"o","5353":"d","5354":"u","5355":"c","5356":"t","5357":" ","5358":"=","5359":">","5360":"\\","5361":"n","5362":" ","5363":" ","5364":" ","5365":" ","5366":" ","5367":" ","5368":" ","5369":" ","5370":"p","5371":"r","5372":"o","5373":"d","5374":"u","5375":"c","5376":"t","5377":".","5378":"p","5379":"r","5380":"o","5381":"d","5382":"u","5383":"c","5384":"t","5385":".","5386":"t","5387":"o","5388":"L","5389":"o","5390":"w","5391":"e","5392":"r","5393":"C","5394":"a","5395":"s","5396":"e","5397":"(","5398":")","5399":".","5400":"i","5401":"n","5402":"c","5403":"l","5404":"u","5405":"d","5406":"e","5407":"s","5408":"(","5409":"q","5410":"u","5411":"e","5412":"r","5413":"y","5414":")","5415":" ","5416":"|","5417":"|","5418":"\\","5419":"n","5420":" ","5421":" ","5422":" ","5423":" ","5424":" ","5425":" ","5426":" ","5427":" ","5428":"p","5429":"r","5430":"o","5431":"d","5432":"u","5433":"c","5434":"t","5435":".","5436":"d","5437":"e","5438":"t","5439":"a","5440":"i","5441":"l","5442":"s","5443":".","5444":"t","5445":"o","5446":"L","5447":"o","5448":"w","5449":"e","5450":"r","5451":"C","5452":"a","5453":"s","5454":"e","5455":"(","5456":")","5457":".","5458":"i","5459":"n","5460":"c","5461":"l","5462":"u","5463":"d","5464":"e","5465":"s","5466":"(","5467":"q","5468":"u","5469":"e","5470":"r","5471":"y","5472":")","5473":"\\","5474":"n","5475":" ","5476":" ","5477":" ","5478":" ","5479":" ","5480":" ","5481":")","5482":";","5483":"\\","5484":"n","5485":" ","5486":" ","5487":" ","5488":" ","5489":"}","5490":"\\","5491":"n","5492":" ","5493":" ","5494":"}","5495":",","5496":"\\","5497":"n","5498":" ","5499":" ","5500":"m","5501":"e","5502":"t","5503":"h","5504":"o","5505":"d","5506":"s","5507":":","5508":" ","5509":"{","5510":"\\","5511":"n","5512":" ","5513":" ","5514":" ","5515":" ","5516":"s","5517":"h","5518":"o","5519":"w","5520":"D","5521":"e","5522":"l","5523":"e","5524":"t","5525":"e","5526":"M","5527":"o","5528":"d","5529":"a","5530":"l","5531":"(","5532":"i","5533":"n","5534":"d","5535":"e","5536":"x","5537":")","5538":" ","5539":"{","5540":"\\","5541":"n","5542":" ","5543":" ","5544":" ","5545":" ","5546":" ","5547":" ","5548":"t","5549":"h","5550":"i","5551":"s","5552":".","5553":"s","5554":"e","5555":"l","5556":"e","5557":"c","5558":"t","5559":"e","5560":"d","5561":"P","5562":"r","5563":"o","5564":"d","5565":"u","5566":"c","5567":"t","5568":"I","5569":"n","5570":"d","5571":"e","5572":"x","5573":" ","5574":"=","5575":" ","5576":"i","5577":"n","5578":"d","5579":"e","5580":"x","5581":";","5582":"\\","5583":"n","5584":" ","5585":" ","5586":" ","5587":" ","5588":" ","5589":" ","5590":"t","5591":"h","5592":"i","5593":"s","5594":".","5595":"s","5596":"h","5597":"o","5598":"w","5599":"D","5600":"e","5601":"l","5602":"e","5603":"t","5604":"e","5605":"P","5606":"r","5607":"o","5608":"d","5609":"u","5610":"c","5611":"t","5612":"M","5613":"o","5614":"d","5615":"a","5616":"l","5617":" ","5618":"=","5619":" ","5620":"t","5621":"r","5622":"u","5623":"e","5624":";","5625":"\\","5626":"n","5627":" ","5628":" ","5629":" ","5630":" ","5631":"}","5632":",","5633":"\\","5634":"n","5635":"\\","5636":"n","5637":" ","5638":" ","5639":" ","5640":" ","5641":"c","5642":"l","5643":"o","5644":"s","5645":"e","5646":"E","5647":"d","5648":"i","5649":"t","5650":"P","5651":"r","5652":"o","5653":"d","5654":"u","5655":"c","5656":"t","5657":"M","5658":"o","5659":"d","5660":"a","5661":"l","5662":"(","5663":")","5664":" ","5665":"{","5666":"\\","5667":"n","5668":" ","5669":" ","5670":" ","5671":" ","5672":" ","5673":" ","5674":"t","5675":"h","5676":"i","5677":"s","5678":".","5679":"s","5680":"h","5681":"o","5682":"w","5683":"E","5684":"d","5685":"i","5686":"t","5687":"P","5688":"r","5689":"o","5690":"d","5691":"u","5692":"c","5693":"t","5694":"M","5695":"o","5696":"d","5697":"a","5698":"l","5699":" ","5700":"=","5701":" ","5702":"f","5703":"a","5704":"l","5705":"s","5706":"e","5707":";","5708":"\\","5709":"n","5710":" ","5711":" ","5712":" ","5713":" ","5714":"}","5715":",","5716":"\\","5717":"n","5718":"\\","5719":"n","5720":" ","5721":" ","5722":" ","5723":" ","5724":"c","5725":"l","5726":"o","5727":"s","5728":"e","5729":"D","5730":"e","5731":"l","5732":"e","5733":"t","5734":"e","5735":"I","5736":"n","5737":"v","5738":"e","5739":"n","5740":"t","5741":"o","5742":"r","5743":"y","5744":"P","5745":"r","5746":"o","5747":"d","5748":"u","5749":"c","5750":"t","5751":"(","5752":")","5753":" ","5754":"{","5755":"\\","5756":"n","5757":" ","5758":" ","5759":" ","5760":" ","5761":" ","5762":" ","5763":"t","5764":"h","5765":"i","5766":"s","5767":".","5768":"s","5769":"h","5770":"o","5771":"w","5772":"D","5773":"e","5774":"l","5775":"e","5776":"t","5777":"e","5778":"P","5779":"r","5780":"o","5781":"d","5782":"u","5783":"c","5784":"t","5785":"M","5786":"o","5787":"d","5788":"a","5789":"l","5790":" ","5791":"=","5792":" ","5793":"f","5794":"a","5795":"l","5796":"s","5797":"e","5798":";","5799":"\\","5800":"n","5801":" ","5802":" ","5803":" ","5804":" ","5805":"}","5806":",","5807":"\\","5808":"n","5809":"\\","5810":"n","5811":" ","5812":" ","5813":" ","5814":" ","5815":"s","5816":"h","5817":"o","5818":"w","5819":"E","5820":"d","5821":"i","5822":"t","5823":"M","5824":"o","5825":"d","5826":"a","5827":"l","5828":"(","5829":"i","5830":"n","5831":"d","5832":"e","5833":"x","5834":")","5835":" ","5836":"{","5837":"\\","5838":"n","5839":" ","5840":" ","5841":" ","5842":" ","5843":" ","5844":" ","5845":"t","5846":"h","5847":"i","5848":"s","5849":".","5850":"s","5851":"e","5852":"l","5853":"e","5854":"c","5855":"t","5856":"e","5857":"d","5858":"P","5859":"r","5860":"o","5861":"d","5862":"u","5863":"c","5864":"t","5865":"I","5866":"n","5867":"d","5868":"e","5869":"x","5870":" ","5871":"=","5872":" ","5873":"i","5874":"n","5875":"d","5876":"e","5877":"x","5878":";","5879":"\\","5880":"n","5881":" ","5882":" ","5883":" ","5884":" ","5885":" ","5886":" ","5887":"t","5888":"h","5889":"i","5890":"s","5891":".","5892":"s","5893":"h","5894":"o","5895":"w","5896":"E","5897":"d","5898":"i","5899":"t","5900":"P","5901":"r","5902":"o","5903":"d","5904":"u","5905":"c","5906":"t","5907":"M","5908":"o","5909":"d","5910":"a","5911":"l","5912":" ","5913":"=","5914":" ","5915":"t","5916":"r","5917":"u","5918":"e","5919":";","5920":"\\","5921":"n","5922":" ","5923":" ","5924":" ","5925":" ","5926":"}","5927":",","5928":"\\","5929":"n","5930":"\\","5931":"n","5932":" ","5933":" ","5934":" ","5935":" ","5936":"c","5937":"o","5938":"n","5939":"v","5940":"e","5941":"r","5942":"t","5943":"T","5944":"o","5945":"M","5946":"o","5947":"n","5948":"e","5949":"y","5950":"(","5951":"v","5952":"a","5953":"l","5954":"u","5955":"e","5956":")","5957":" ","5958":"{","5959":"\\","5960":"n","5961":" ","5962":" ","5963":" ","5964":" ","5965":" ","5966":" ","5967":"c","5968":"o","5969":"n","5970":"s","5971":"t","5972":" ","5973":"n","5974":"e","5975":"w","5976":"V","5977":"a","5978":"l","5979":"u","5980":"e","5981":" ","5982":"=","5983":" ","5984":"v","5985":"a","5986":"l","5987":"u","5988":"e","5989":".","5990":"t","5991":"o","5992":"L","5993":"o","5994":"c","5995":"a","5996":"l","5997":"e","5998":"S","5999":"t","6000":"r","6001":"i","6002":"n","6003":"g","6004":"(","6005":"'","6006":"p","6007":"t","6008":"-","6009":"B","6010":"R","6011":"'","6012":",","6013":" ","6014":"{","6015":" ","6016":"s","6017":"t","6018":"y","6019":"l","6020":"e","6021":":","6022":" ","6023":"'","6024":"c","6025":"u","6026":"r","6027":"r","6028":"e","6029":"n","6030":"c","6031":"y","6032":"'","6033":",","6034":" ","6035":"c","6036":"u","6037":"r","6038":"r","6039":"e","6040":"n","6041":"c","6042":"y","6043":":","6044":" ","6045":"'","6046":"B","6047":"R","6048":"L","6049":"'","6050":" ","6051":"}","6052":")","6053":";","6054":"\\","6055":"n","6056":" ","6057":" ","6058":" ","6059":" ","6060":" ","6061":" ","6062":"r","6063":"e","6064":"t","6065":"u","6066":"r","6067":"n","6068":" ","6069":"n","6070":"e","6071":"w","6072":"V","6073":"a","6074":"l","6075":"u","6076":"e","6077":";","6078":"\\","6079":"n","6080":" ","6081":" ","6082":" ","6083":" ","6084":"}","6085":",","6086":"\\","6087":"n","6088":"\\","6089":"n","6090":" ","6091":" ","6092":" ","6093":" ","6094":"s","6095":"h","6096":"o","6097":"w","6098":"A","6099":"d","6100":"d","6101":"P","6102":"r","6103":"o","6104":"d","6105":"u","6106":"c","6107":"t","6108":"M","6109":"o","6110":"d","6111":"a","6112":"l","6113":"(","6114":")","6115":" ","6116":"{","6117":"\\","6118":"n","6119":" ","6120":" ","6121":" ","6122":" ","6123":" ","6124":" ","6125":"t","6126":"h","6127":"i","6128":"s","6129":".","6130":"a","6131":"d","6132":"d","6133":"P","6134":"r","6135":"o","6136":"d","6137":"u","6138":"c","6139":"t","6140":"M","6141":"o","6142":"d","6143":"a","6144":"l","6145":" ","6146":"=","6147":" ","6148":"t","6149":"r","6150":"u","6151":"e","6152":";","6153":"\\","6154":"n","6155":" ","6156":" ","6157":" ","6158":" ","6159":"}","6160":",","6161":"\\","6162":"n","6163":"\\","6164":"n","6165":" ","6166":" ","6167":" ","6168":" ","6169":"c","6170":"l","6171":"o","6172":"s","6173":"e","6174":"A","6175":"d","6176":"d","6177":"P","6178":"r","6179":"o","6180":"d","6181":"u","6182":"c","6183":"t","6184":"M","6185":"o","6186":"d","6187":"a","6188":"l","6189":"(","6190":")","6191":" ","6192":"{","6193":"\\","6194":"n","6195":" ","6196":" ","6197":" ","6198":" ","6199":" ","6200":" ","6201":"t","6202":"h","6203":"i","6204":"s","6205":".","6206":"a","6207":"d","6208":"d","6209":"P","6210":"r","6211":"o","6212":"d","6213":"u","6214":"c","6215":"t","6216":"M","6217":"o","6218":"d","6219":"a","6220":"l","6221":" ","6222":"=","6223":" ","6224":"f","6225":"a","6226":"l","6227":"s","6228":"e","6229":";","6230":"\\","6231":"n","6232":" ","6233":" ","6234":" ","6235":" ","6236":"}","6237":",","6238":"\\","6239":"n","6240":"\\","6241":"n","6242":" ","6243":" ","6244":" ","6245":" ","6246":"h","6247":"a","6248":"n","6249":"d","6250":"l","6251":"e","6252":"S","6253":"a","6254":"v","6255":"e","6256":"P","6257":"r","6258":"o","6259":"d","6260":"u","6261":"c","6262":"t","6263":"(","6264":"u","6265":"p","6266":"d","6267":"a","6268":"t","6269":"e","6270":"d","6271":"P","6272":"r","6273":"o","6274":"d","6275":"u","6276":"c","6277":"t","6278":")","6279":" ","6280":"{","6281":"\\","6282":"n","6283":" ","6284":" ","6285":" ","6286":" ","6287":" ","6288":" ","6289":"t","6290":"h","6291":"i","6292":"s","6293":".","6294":"$","6295":"s","6296":"t","6297":"o","6298":"r","6299":"e","6300":".","6301":"c","6302":"o","6303":"m","6304":"m","6305":"i","6306":"t","6307":"(","6308":"'","6309":"u","6310":"p","6311":"d","6312":"a","6313":"t","6314":"e","6315":"P","6316":"r","6317":"o","6318":"d","6319":"u","6320":"c","6321":"t","6322":"'","6323":",","6324":" ","6325":"{","6326":" ","6327":"i","6328":"n","6329":"d","6330":"e","6331":"x","6332":":","6333":" ","6334":"t","6335":"h","6336":"i","6337":"s","6338":".","6339":"s","6340":"e","6341":"l","6342":"e","6343":"c","6344":"t","6345":"e","6346":"d","6347":"P","6348":"r","6349":"o","6350":"d","6351":"u","6352":"c","6353":"t","6354":"I","6355":"n","6356":"d","6357":"e","6358":"x","6359":",","6360":" ","6361":"p","6362":"r","6363":"o","6364":"d","6365":"u","6366":"c","6367":"t","6368":":","6369":" ","6370":"u","6371":"p","6372":"d","6373":"a","6374":"t","6375":"e","6376":"d","6377":"P","6378":"r","6379":"o","6380":"d","6381":"u","6382":"c","6383":"t","6384":" ","6385":"}","6386":")","6387":";","6388":"\\","6389":"n","6390":" ","6391":" ","6392":" ","6393":" ","6394":" ","6395":" ","6396":"t","6397":"h","6398":"i","6399":"s","6400":".","6401":"c","6402":"l","6403":"o","6404":"s","6405":"e","6406":"E","6407":"d","6408":"i","6409":"t","6410":"P","6411":"r","6412":"o","6413":"d","6414":"u","6415":"c","6416":"t","6417":"M","6418":"o","6419":"d","6420":"a","6421":"l","6422":"(","6423":")","6424":";","6425":"\\","6426":"n","6427":" ","6428":" ","6429":" ","6430":" ","6431":"}","6432":"\\","6433":"n","6434":" ","6435":" ","6436":"}","6437":"\\","6438":"n","6439":"}","6440":"\\","6441":"n","6442":"<","6443":"/","6444":"s","6445":"c","6446":"r","6447":"i","6448":"p","6449":"t","6450":">","6451":"\\","6452":"n","6453":"\"","6454":"]","6455":"}"}}
}
