{"C:\\Users\\hoann\\Documents\\projetos\\inventory-control\\src\\App.vue": {"path":"C:\\Users\\hoann\\Documents\\projetos\\inventory-control\\src\\App.vue","all":false,"statementMap":{"0":{"start":{"line":1,"column":0},"end":{"line":1,"column":10}},"1":{"start":{"line":2,"column":0},"end":{"line":2,"column":13}},"2":{"start":{"line":3,"column":0},"end":{"line":3,"column":16}},"3":{"start":{"line":4,"column":0},"end":{"line":4,"column":11}},"4":{"start":{"line":5,"column":0},"end":{"line":5,"column":0}},"5":{"start":{"line":6,"column":0},"end":{"line":6,"column":8}},"6":{"start":{"line":7,"column":0},"end":{"line":7,"column":43}},"7":{"start":{"line":8,"column":0},"end":{"line":8,"column":0}},"8":{"start":{"line":9,"column":0},"end":{"line":9,"column":16}},"9":{"start":{"line":10,"column":0},"end":{"line":10,"column":14}},"10":{"start":{"line":11,"column":0},"end":{"line":11,"column":25}},"11":{"start":{"line":12,"column":0},"end":{"line":12,"column":1}},"12":{"start":{"line":13,"column":0},"end":{"line":13,"column":9}},"13":{"start":{"line":14,"column":0},"end":{"line":14,"column":0}},"14":{"start":{"line":15,"column":0},"end":{"line":15,"column":7}},"15":{"start":{"line":16,"column":0},"end":{"line":16,"column":5}},"16":{"start":{"line":17,"column":0},"end":{"line":17,"column":16}},"17":{"start":{"line":18,"column":0},"end":{"line":18,"column":1}},"18":{"start":{"line":19,"column":0},"end":{"line":19,"column":0}},"19":{"start":{"line":20,"column":0},"end":{"line":20,"column":17}},"20":{"start":{"line":21,"column":0},"end":{"line":21,"column":20}},"21":{"start":{"line":22,"column":0},"end":{"line":22,"column":1}},"22":{"start":{"line":23,"column":0},"end":{"line":23,"column":0}},"23":{"start":{"line":24,"column":0},"end":{"line":24,"column":32}},"24":{"start":{"line":25,"column":0},"end":{"line":25,"column":17}},"25":{"start":{"line":26,"column":0},"end":{"line":26,"column":1}},"26":{"start":{"line":27,"column":0},"end":{"line":27,"column":8}}},"s":{"0":1,"1":1,"2":1,"3":1,"4":1,"5":1,"6":1,"7":1,"8":1,"9":1,"10":1,"11":1,"12":1,"13":1,"14":1,"15":1,"16":1,"17":1,"18":1,"19":1,"20":1,"21":1,"22":1,"23":1,"24":1,"25":1,"26":1},"branchMap":{},"b":{},"fnMap":{},"f":{}}
,"C:\\Users\\hoann\\Documents\\projetos\\inventory-control\\src\\components\\AddProductModal.vue": {"path":"C:\\Users\\hoann\\Documents\\projetos\\inventory-control\\src\\components\\AddProductModal.vue","all":false,"statementMap":{"0":{"start":{"line":1,"column":0},"end":{"line":1,"column":10}},"1":{"start":{"line":2,"column":0},"end":{"line":2,"column":110}},"2":{"start":{"line":3,"column":0},"end":{"line":3,"column":84}},"3":{"start":{"line":4,"column":0},"end":{"line":4,"column":26}},"4":{"start":{"line":5,"column":0},"end":{"line":5,"column":53}},"5":{"start":{"line":6,"column":0},"end":{"line":6,"column":28}},"6":{"start":{"line":7,"column":0},"end":{"line":7,"column":76}},"7":{"start":{"line":8,"column":0},"end":{"line":8,"column":17}},"8":{"start":{"line":9,"column":0},"end":{"line":9,"column":50}},"9":{"start":{"line":10,"column":0},"end":{"line":10,"column":101}},"10":{"start":{"line":11,"column":0},"end":{"line":11,"column":99}},"11":{"start":{"line":12,"column":0},"end":{"line":12,"column":133}},"12":{"start":{"line":13,"column":0},"end":{"line":13,"column":20}},"13":{"start":{"line":14,"column":0},"end":{"line":14,"column":50}},"14":{"start":{"line":15,"column":0},"end":{"line":15,"column":102}},"15":{"start":{"line":16,"column":0},"end":{"line":16,"column":120}},"16":{"start":{"line":17,"column":0},"end":{"line":17,"column":95}},"17":{"start":{"line":18,"column":0},"end":{"line":18,"column":20}},"18":{"start":{"line":19,"column":0},"end":{"line":19,"column":50}},"19":{"start":{"line":20,"column":0},"end":{"line":20,"column":114}},"20":{"start":{"line":21,"column":0},"end":{"line":21,"column":114}},"21":{"start":{"line":22,"column":0},"end":{"line":22,"column":87}},"22":{"start":{"line":23,"column":0},"end":{"line":23,"column":65}},"23":{"start":{"line":24,"column":0},"end":{"line":24,"column":20}},"24":{"start":{"line":25,"column":0},"end":{"line":25,"column":50}},"25":{"start":{"line":26,"column":0},"end":{"line":26,"column":104}},"26":{"start":{"line":27,"column":0},"end":{"line":27,"column":34}},"27":{"start":{"line":28,"column":0},"end":{"line":28,"column":179}},"28":{"start":{"line":29,"column":0},"end":{"line":29,"column":65}},"29":{"start":{"line":30,"column":0},"end":{"line":30,"column":20}},"30":{"start":{"line":31,"column":0},"end":{"line":31,"column":18}},"31":{"start":{"line":32,"column":0},"end":{"line":32,"column":16}},"32":{"start":{"line":33,"column":0},"end":{"line":33,"column":33}},"33":{"start":{"line":34,"column":0},"end":{"line":34,"column":117}},"34":{"start":{"line":35,"column":0},"end":{"line":35,"column":100}},"35":{"start":{"line":36,"column":0},"end":{"line":36,"column":16}},"36":{"start":{"line":37,"column":0},"end":{"line":37,"column":14}},"37":{"start":{"line":38,"column":0},"end":{"line":38,"column":12}},"38":{"start":{"line":39,"column":0},"end":{"line":39,"column":10}},"39":{"start":{"line":40,"column":0},"end":{"line":40,"column":8}},"40":{"start":{"line":41,"column":0},"end":{"line":41,"column":11}},"41":{"start":{"line":42,"column":0},"end":{"line":42,"column":0}},"42":{"start":{"line":43,"column":0},"end":{"line":43,"column":8}},"43":{"start":{"line":44,"column":0},"end":{"line":44,"column":34}},"44":{"start":{"line":45,"column":0},"end":{"line":45,"column":0}},"45":{"start":{"line":46,"column":0},"end":{"line":46,"column":16}},"46":{"start":{"line":47,"column":0},"end":{"line":47,"column":26}},"47":{"start":{"line":48,"column":0},"end":{"line":48,"column":10}},"48":{"start":{"line":49,"column":0},"end":{"line":49,"column":12}},"49":{"start":{"line":50,"column":0},"end":{"line":50,"column":20}},"50":{"start":{"line":51,"column":0},"end":{"line":51,"column":5}},"51":{"start":{"line":52,"column":0},"end":{"line":52,"column":4}},"52":{"start":{"line":53,"column":0},"end":{"line":53,"column":12}},"53":{"start":{"line":54,"column":0},"end":{"line":54,"column":34}},"54":{"start":{"line":55,"column":0},"end":{"line":55,"column":0}},"55":{"start":{"line":56,"column":0},"end":{"line":56,"column":21}},"56":{"start":{"line":57,"column":0},"end":{"line":57,"column":39}},"57":{"start":{"line":58,"column":0},"end":{"line":58,"column":19}},"58":{"start":{"line":59,"column":0},"end":{"line":59,"column":6}},"59":{"start":{"line":60,"column":0},"end":{"line":60,"column":0}},"60":{"start":{"line":61,"column":0},"end":{"line":61,"column":13}},"61":{"start":{"line":62,"column":0},"end":{"line":62,"column":26}},"62":{"start":{"line":63,"column":0},"end":{"line":63,"column":5}},"63":{"start":{"line":64,"column":0},"end":{"line":64,"column":3}},"64":{"start":{"line":65,"column":0},"end":{"line":65,"column":1}},"65":{"start":{"line":66,"column":0},"end":{"line":66,"column":9}}},"s":{"0":1,"1":1,"2":1,"3":1,"4":1,"5":1,"6":1,"7":1,"8":1,"9":1,"10":1,"11":1,"12":1,"13":1,"14":1,"15":1,"16":1,"17":1,"18":1,"19":1,"20":1,"21":1,"22":1,"23":1,"24":1,"25":1,"26":1,"27":1,"28":1,"29":1,"30":1,"31":1,"32":1,"33":1,"34":1,"35":1,"36":1,"37":1,"38":1,"39":1,"40":1,"41":1,"42":1,"43":1,"44":1,"45":1,"46":1,"47":1,"48":4,"49":4,"50":4,"51":1,"52":1,"53":1,"54":1,"55":1,"56":1,"57":1,"58":1,"59":1,"60":1,"61":2,"62":2,"63":1,"64":1,"65":1},"branchMap":{"0":{"type":"branch","line":48,"loc":{"start":{"line":48,"column":2},"end":{"line":52,"column":3}},"locations":[{"start":{"line":48,"column":2},"end":{"line":52,"column":3}}]},"1":{"type":"branch","line":56,"loc":{"start":{"line":56,"column":4},"end":{"line":59,"column":5}},"locations":[{"start":{"line":56,"column":4},"end":{"line":59,"column":5}}]},"2":{"type":"branch","line":61,"loc":{"start":{"line":61,"column":4},"end":{"line":63,"column":5}},"locations":[{"start":{"line":61,"column":4},"end":{"line":63,"column":5}}]}},"b":{"0":[4],"1":[1],"2":[2]},"fnMap":{"0":{"name":"data","decl":{"start":{"line":48,"column":2},"end":{"line":52,"column":3}},"loc":{"start":{"line":48,"column":2},"end":{"line":52,"column":3}},"line":48},"1":{"name":"addNewProduct","decl":{"start":{"line":56,"column":4},"end":{"line":59,"column":5}},"loc":{"start":{"line":56,"column":4},"end":{"line":59,"column":5}},"line":56},"2":{"name":"close","decl":{"start":{"line":61,"column":4},"end":{"line":63,"column":5}},"loc":{"start":{"line":61,"column":4},"end":{"line":63,"column":5}},"line":61}},"f":{"0":4,"1":1,"2":2}}
,"C:\\Users\\hoann\\Documents\\projetos\\inventory-control\\src\\components\\DeleteInventoryProduct.vue": {"path":"C:\\Users\\hoann\\Documents\\projetos\\inventory-control\\src\\components\\DeleteInventoryProduct.vue","all":false,"statementMap":{"0":{"start":{"line":1,"column":0},"end":{"line":1,"column":10}},"1":{"start":{"line":2,"column":0},"end":{"line":2,"column":110}},"2":{"start":{"line":3,"column":0},"end":{"line":3,"column":84}},"3":{"start":{"line":4,"column":0},"end":{"line":4,"column":26}},"4":{"start":{"line":5,"column":0},"end":{"line":5,"column":53}},"5":{"start":{"line":6,"column":0},"end":{"line":6,"column":28}},"6":{"start":{"line":7,"column":0},"end":{"line":7,"column":63}},"7":{"start":{"line":8,"column":0},"end":{"line":8,"column":104}},"8":{"start":{"line":9,"column":0},"end":{"line":9,"column":75}},"9":{"start":{"line":10,"column":0},"end":{"line":10,"column":16}},"10":{"start":{"line":11,"column":0},"end":{"line":11,"column":33}},"11":{"start":{"line":12,"column":0},"end":{"line":12,"column":113}},"12":{"start":{"line":13,"column":0},"end":{"line":13,"column":100}},"13":{"start":{"line":14,"column":0},"end":{"line":14,"column":16}},"14":{"start":{"line":15,"column":0},"end":{"line":15,"column":14}},"15":{"start":{"line":16,"column":0},"end":{"line":16,"column":12}},"16":{"start":{"line":17,"column":0},"end":{"line":17,"column":10}},"17":{"start":{"line":18,"column":0},"end":{"line":18,"column":8}},"18":{"start":{"line":19,"column":0},"end":{"line":19,"column":11}},"19":{"start":{"line":20,"column":0},"end":{"line":20,"column":0}},"20":{"start":{"line":21,"column":0},"end":{"line":21,"column":8}},"21":{"start":{"line":22,"column":0},"end":{"line":22,"column":34}},"22":{"start":{"line":23,"column":0},"end":{"line":23,"column":0}},"23":{"start":{"line":24,"column":0},"end":{"line":24,"column":16}},"24":{"start":{"line":25,"column":0},"end":{"line":25,"column":33}},"25":{"start":{"line":26,"column":0},"end":{"line":26,"column":10}},"26":{"start":{"line":27,"column":0},"end":{"line":27,"column":19}},"27":{"start":{"line":28,"column":0},"end":{"line":28,"column":19}},"28":{"start":{"line":29,"column":0},"end":{"line":29,"column":20}},"29":{"start":{"line":30,"column":0},"end":{"line":30,"column":5}},"30":{"start":{"line":31,"column":0},"end":{"line":31,"column":4}},"31":{"start":{"line":32,"column":0},"end":{"line":32,"column":12}},"32":{"start":{"line":33,"column":0},"end":{"line":33,"column":37}},"33":{"start":{"line":34,"column":0},"end":{"line":34,"column":0}},"34":{"start":{"line":35,"column":0},"end":{"line":35,"column":21}},"35":{"start":{"line":36,"column":0},"end":{"line":36,"column":44}},"36":{"start":{"line":37,"column":0},"end":{"line":37,"column":19}},"37":{"start":{"line":38,"column":0},"end":{"line":38,"column":6}},"38":{"start":{"line":39,"column":0},"end":{"line":39,"column":0}},"39":{"start":{"line":40,"column":0},"end":{"line":40,"column":13}},"40":{"start":{"line":41,"column":0},"end":{"line":41,"column":26}},"41":{"start":{"line":42,"column":0},"end":{"line":42,"column":5}},"42":{"start":{"line":43,"column":0},"end":{"line":43,"column":3}},"43":{"start":{"line":44,"column":0},"end":{"line":44,"column":1}},"44":{"start":{"line":45,"column":0},"end":{"line":45,"column":9}}},"s":{"0":1,"1":1,"2":1,"3":1,"4":1,"5":1,"6":1,"7":1,"8":1,"9":1,"10":1,"11":1,"12":1,"13":1,"14":1,"15":1,"16":1,"17":1,"18":1,"19":1,"20":1,"21":1,"22":1,"23":1,"24":1,"25":1,"26":1,"27":1,"28":1,"29":1,"30":1,"31":1,"32":1,"33":1,"34":1,"35":1,"36":1,"37":1,"38":1,"39":1,"40":2,"41":2,"42":1,"43":1,"44":1},"branchMap":{"0":{"type":"branch","line":35,"loc":{"start":{"line":35,"column":4},"end":{"line":38,"column":5}},"locations":[{"start":{"line":35,"column":4},"end":{"line":38,"column":5}}]},"1":{"type":"branch","line":40,"loc":{"start":{"line":40,"column":4},"end":{"line":42,"column":5}},"locations":[{"start":{"line":40,"column":4},"end":{"line":42,"column":5}}]}},"b":{"0":[1],"1":[2]},"fnMap":{"0":{"name":"confirmDelete","decl":{"start":{"line":35,"column":4},"end":{"line":38,"column":5}},"loc":{"start":{"line":35,"column":4},"end":{"line":38,"column":5}},"line":35},"1":{"name":"close","decl":{"start":{"line":40,"column":4},"end":{"line":42,"column":5}},"loc":{"start":{"line":40,"column":4},"end":{"line":42,"column":5}},"line":40}},"f":{"0":1,"1":2}}
,"C:\\Users\\hoann\\Documents\\projetos\\inventory-control\\src\\components\\EditProductModal.vue": {"path":"C:\\Users\\hoann\\Documents\\projetos\\inventory-control\\src\\components\\EditProductModal.vue","all":false,"statementMap":{"0":{"start":{"line":1,"column":0},"end":{"line":1,"column":10}},"1":{"start":{"line":2,"column":0},"end":{"line":2,"column":110}},"2":{"start":{"line":3,"column":0},"end":{"line":3,"column":84}},"3":{"start":{"line":4,"column":0},"end":{"line":4,"column":26}},"4":{"start":{"line":5,"column":0},"end":{"line":5,"column":53}},"5":{"start":{"line":6,"column":0},"end":{"line":6,"column":28}},"6":{"start":{"line":7,"column":0},"end":{"line":7,"column":72}},"7":{"start":{"line":8,"column":0},"end":{"line":8,"column":17}},"8":{"start":{"line":9,"column":0},"end":{"line":9,"column":50}},"9":{"start":{"line":10,"column":0},"end":{"line":10,"column":101}},"10":{"start":{"line":11,"column":0},"end":{"line":11,"column":102}},"11":{"start":{"line":12,"column":0},"end":{"line":12,"column":133}},"12":{"start":{"line":13,"column":0},"end":{"line":13,"column":20}},"13":{"start":{"line":14,"column":0},"end":{"line":14,"column":50}},"14":{"start":{"line":15,"column":0},"end":{"line":15,"column":102}},"15":{"start":{"line":16,"column":0},"end":{"line":16,"column":123}},"16":{"start":{"line":17,"column":0},"end":{"line":17,"column":95}},"17":{"start":{"line":18,"column":0},"end":{"line":18,"column":20}},"18":{"start":{"line":19,"column":0},"end":{"line":19,"column":50}},"19":{"start":{"line":20,"column":0},"end":{"line":20,"column":114}},"20":{"start":{"line":21,"column":0},"end":{"line":21,"column":117}},"21":{"start":{"line":22,"column":0},"end":{"line":22,"column":87}},"22":{"start":{"line":23,"column":0},"end":{"line":23,"column":65}},"23":{"start":{"line":24,"column":0},"end":{"line":24,"column":20}},"24":{"start":{"line":25,"column":0},"end":{"line":25,"column":50}},"25":{"start":{"line":26,"column":0},"end":{"line":26,"column":121}},"26":{"start":{"line":27,"column":0},"end":{"line":27,"column":182}},"27":{"start":{"line":28,"column":0},"end":{"line":28,"column":65}},"28":{"start":{"line":29,"column":0},"end":{"line":29,"column":20}},"29":{"start":{"line":30,"column":0},"end":{"line":30,"column":18}},"30":{"start":{"line":31,"column":0},"end":{"line":31,"column":16}},"31":{"start":{"line":32,"column":0},"end":{"line":32,"column":33}},"32":{"start":{"line":33,"column":0},"end":{"line":33,"column":114}},"33":{"start":{"line":34,"column":0},"end":{"line":34,"column":100}},"34":{"start":{"line":35,"column":0},"end":{"line":35,"column":16}},"35":{"start":{"line":36,"column":0},"end":{"line":36,"column":14}},"36":{"start":{"line":37,"column":0},"end":{"line":37,"column":12}},"37":{"start":{"line":38,"column":0},"end":{"line":38,"column":10}},"38":{"start":{"line":39,"column":0},"end":{"line":39,"column":8}},"39":{"start":{"line":40,"column":0},"end":{"line":40,"column":11}},"40":{"start":{"line":41,"column":0},"end":{"line":41,"column":0}},"41":{"start":{"line":42,"column":0},"end":{"line":42,"column":8}},"42":{"start":{"line":43,"column":0},"end":{"line":43,"column":16}},"43":{"start":{"line":44,"column":0},"end":{"line":44,"column":27}},"44":{"start":{"line":45,"column":0},"end":{"line":45,"column":10}},"45":{"start":{"line":46,"column":0},"end":{"line":46,"column":14}},"46":{"start":{"line":47,"column":0},"end":{"line":47,"column":19}},"47":{"start":{"line":48,"column":0},"end":{"line":48,"column":21}},"48":{"start":{"line":49,"column":0},"end":{"line":49,"column":6}},"49":{"start":{"line":50,"column":0},"end":{"line":50,"column":4}},"50":{"start":{"line":51,"column":0},"end":{"line":51,"column":10}},"51":{"start":{"line":52,"column":0},"end":{"line":52,"column":12}},"52":{"start":{"line":53,"column":0},"end":{"line":53,"column":41}},"53":{"start":{"line":54,"column":0},"end":{"line":54,"column":5}},"54":{"start":{"line":55,"column":0},"end":{"line":55,"column":4}},"55":{"start":{"line":56,"column":0},"end":{"line":56,"column":12}},"56":{"start":{"line":57,"column":0},"end":{"line":57,"column":13}},"57":{"start":{"line":58,"column":0},"end":{"line":58,"column":26}},"58":{"start":{"line":59,"column":0},"end":{"line":59,"column":6}},"59":{"start":{"line":60,"column":0},"end":{"line":60,"column":0}},"60":{"start":{"line":61,"column":0},"end":{"line":61,"column":19}},"61":{"start":{"line":62,"column":0},"end":{"line":62,"column":45}},"62":{"start":{"line":63,"column":0},"end":{"line":63,"column":26}},"63":{"start":{"line":64,"column":0},"end":{"line":64,"column":6}},"64":{"start":{"line":65,"column":0},"end":{"line":65,"column":3}},"65":{"start":{"line":66,"column":0},"end":{"line":66,"column":1}},"66":{"start":{"line":67,"column":0},"end":{"line":67,"column":9}}},"s":{"0":1,"1":1,"2":1,"3":1,"4":1,"5":1,"6":1,"7":1,"8":1,"9":1,"10":1,"11":1,"12":1,"13":1,"14":1,"15":1,"16":1,"17":1,"18":1,"19":1,"20":1,"21":1,"22":1,"23":1,"24":1,"25":1,"26":1,"27":1,"28":1,"29":1,"30":1,"31":1,"32":1,"33":1,"34":1,"35":1,"36":1,"37":1,"38":1,"39":1,"40":1,"41":1,"42":1,"43":1,"44":1,"45":1,"46":1,"47":1,"48":1,"49":1,"50":1,"51":5,"52":5,"53":5,"54":1,"55":1,"56":1,"57":1,"58":1,"59":1,"60":1,"61":2,"62":2,"63":2,"64":1,"65":1,"66":1},"branchMap":{"0":{"type":"branch","line":51,"loc":{"start":{"line":51,"column":2},"end":{"line":55,"column":3}},"locations":[{"start":{"line":51,"column":2},"end":{"line":55,"column":3}}]},"1":{"type":"branch","line":57,"loc":{"start":{"line":57,"column":4},"end":{"line":59,"column":5}},"locations":[{"start":{"line":57,"column":4},"end":{"line":59,"column":5}}]},"2":{"type":"branch","line":61,"loc":{"start":{"line":61,"column":4},"end":{"line":64,"column":6}},"locations":[{"start":{"line":61,"column":4},"end":{"line":64,"column":6}}]}},"b":{"0":[5],"1":[1],"2":[2]},"fnMap":{"0":{"name":"data","decl":{"start":{"line":51,"column":2},"end":{"line":55,"column":3}},"loc":{"start":{"line":51,"column":2},"end":{"line":55,"column":3}},"line":51},"1":{"name":"close","decl":{"start":{"line":57,"column":4},"end":{"line":59,"column":5}},"loc":{"start":{"line":57,"column":4},"end":{"line":59,"column":5}},"line":57},"2":{"name":"saveChanges","decl":{"start":{"line":61,"column":4},"end":{"line":64,"column":6}},"loc":{"start":{"line":61,"column":4},"end":{"line":64,"column":6}},"line":61}},"f":{"0":5,"1":1,"2":2}}
,"C:\\Users\\hoann\\Documents\\projetos\\inventory-control\\src\\components\\NavMenu.vue": {"path":"C:\\Users\\hoann\\Documents\\projetos\\inventory-control\\src\\components\\NavMenu.vue","all":false,"statementMap":{"0":{"start":{"line":1,"column":0},"end":{"line":1,"column":10}},"1":{"start":{"line":2,"column":0},"end":{"line":2,"column":27}},"2":{"start":{"line":3,"column":0},"end":{"line":3,"column":89}},"3":{"start":{"line":4,"column":0},"end":{"line":4,"column":67}},"4":{"start":{"line":5,"column":0},"end":{"line":5,"column":67}},"5":{"start":{"line":6,"column":0},"end":{"line":6,"column":117}},"6":{"start":{"line":7,"column":0},"end":{"line":7,"column":12}},"7":{"start":{"line":8,"column":0},"end":{"line":8,"column":45}},"8":{"start":{"line":9,"column":0},"end":{"line":9,"column":115}},"9":{"start":{"line":10,"column":0},"end":{"line":10,"column":14}},"10":{"start":{"line":11,"column":0},"end":{"line":11,"column":103}},"11":{"start":{"line":12,"column":0},"end":{"line":12,"column":15}},"12":{"start":{"line":13,"column":0},"end":{"line":13,"column":14}},"13":{"start":{"line":14,"column":0},"end":{"line":14,"column":106}},"14":{"start":{"line":15,"column":0},"end":{"line":15,"column":15}},"15":{"start":{"line":16,"column":0},"end":{"line":16,"column":13}},"16":{"start":{"line":17,"column":0},"end":{"line":17,"column":12}},"17":{"start":{"line":18,"column":0},"end":{"line":18,"column":10}},"18":{"start":{"line":19,"column":0},"end":{"line":19,"column":8}},"19":{"start":{"line":20,"column":0},"end":{"line":20,"column":11}},"20":{"start":{"line":21,"column":0},"end":{"line":21,"column":0}},"21":{"start":{"line":22,"column":0},"end":{"line":22,"column":8}},"22":{"start":{"line":23,"column":0},"end":{"line":23,"column":16}},"23":{"start":{"line":24,"column":0},"end":{"line":24,"column":17}},"24":{"start":{"line":25,"column":0},"end":{"line":25,"column":1}},"25":{"start":{"line":26,"column":0},"end":{"line":26,"column":9}}},"s":{"0":1,"1":1,"2":1,"3":1,"4":1,"5":1,"6":1,"7":1,"8":1,"9":1,"10":1,"11":1,"12":1,"13":1,"14":1,"15":1,"16":1,"17":1,"18":1,"19":1,"20":1,"21":1,"22":1,"23":1,"24":1,"25":1},"branchMap":{},"b":{},"fnMap":{},"f":{}}
,"C:\\Users\\hoann\\Documents\\projetos\\inventory-control\\src\\store\\index.js": {"path":"C:\\Users\\hoann\\Documents\\projetos\\inventory-control\\src\\store\\index.js","all":true,"statementMap":{"0":{"start":{"line":1,"column":0},"end":{"line":1,"column":35}},"1":{"start":{"line":2,"column":0},"end":{"line":2,"column":55}},"2":{"start":{"line":3,"column":0},"end":{"line":3,"column":0}},"3":{"start":{"line":4,"column":0},"end":{"line":4,"column":28}},"4":{"start":{"line":5,"column":0},"end":{"line":5,"column":10}},"5":{"start":{"line":6,"column":0},"end":{"line":6,"column":17}},"6":{"start":{"line":7,"column":0},"end":{"line":7,"column":4}},"7":{"start":{"line":8,"column":0},"end":{"line":8,"column":14}},"8":{"start":{"line":9,"column":0},"end":{"line":9,"column":35}},"9":{"start":{"line":10,"column":0},"end":{"line":10,"column":35}},"10":{"start":{"line":11,"column":0},"end":{"line":11,"column":6}},"11":{"start":{"line":12,"column":0},"end":{"line":12,"column":0}},"12":{"start":{"line":13,"column":0},"end":{"line":13,"column":33}},"13":{"start":{"line":14,"column":0},"end":{"line":14,"column":38}},"14":{"start":{"line":15,"column":0},"end":{"line":15,"column":6}},"15":{"start":{"line":16,"column":0},"end":{"line":16,"column":0}},"16":{"start":{"line":17,"column":0},"end":{"line":17,"column":46}},"17":{"start":{"line":18,"column":0},"end":{"line":18,"column":47}},"18":{"start":{"line":19,"column":0},"end":{"line":19,"column":6}},"19":{"start":{"line":20,"column":0},"end":{"line":20,"column":4}},"20":{"start":{"line":21,"column":0},"end":{"line":21,"column":12}},"21":{"start":{"line":22,"column":0},"end":{"line":22,"column":37}},"22":{"start":{"line":23,"column":0},"end":{"line":23,"column":39}},"23":{"start":{"line":24,"column":0},"end":{"line":24,"column":6}},"24":{"start":{"line":25,"column":0},"end":{"line":25,"column":0}},"25":{"start":{"line":26,"column":0},"end":{"line":26,"column":38}},"26":{"start":{"line":27,"column":0},"end":{"line":27,"column":37}},"27":{"start":{"line":28,"column":0},"end":{"line":28,"column":5}},"28":{"start":{"line":29,"column":0},"end":{"line":29,"column":4}},"29":{"start":{"line":30,"column":0},"end":{"line":30,"column":12}},"30":{"start":{"line":31,"column":0},"end":{"line":31,"column":26}},"31":{"start":{"line":32,"column":0},"end":{"line":32,"column":27}},"32":{"start":{"line":33,"column":0},"end":{"line":33,"column":26}},"33":{"start":{"line":34,"column":0},"end":{"line":34,"column":7}},"34":{"start":{"line":35,"column":0},"end":{"line":35,"column":4}},"35":{"start":{"line":36,"column":0},"end":{"line":36,"column":3}}},"s":{"0":0,"1":0,"2":0,"3":0,"4":0,"5":0,"6":0,"7":0,"8":0,"9":0,"10":0,"11":0,"12":0,"13":0,"14":0,"15":0,"16":0,"17":0,"18":0,"19":0,"20":0,"21":0,"22":0,"23":0,"24":0,"25":0,"26":0,"27":0,"28":0,"29":0,"30":0,"31":0,"32":0,"33":0,"34":0,"35":0},"branchMap":{"0":{"type":"branch","line":1,"loc":{"start":{"line":1,"column":0},"end":{"line":36,"column":3}},"locations":[{"start":{"line":1,"column":0},"end":{"line":36,"column":3}}]}},"b":{"0":[0]},"fnMap":{"0":{"name":"(empty-report)","decl":{"start":{"line":1,"column":0},"end":{"line":36,"column":3}},"loc":{"start":{"line":1,"column":0},"end":{"line":36,"column":3}},"line":1}},"f":{"0":0}}
,"C:\\Users\\hoann\\Documents\\projetos\\inventory-control\\src\\views\\AboutView.vue": {"path":"C:\\Users\\hoann\\Documents\\projetos\\inventory-control\\src\\views\\AboutView.vue","all":false,"statementMap":{"0":{"start":{"line":1,"column":0},"end":{"line":1,"column":10}},"1":{"start":{"line":2,"column":0},"end":{"line":2,"column":38}},"2":{"start":{"line":3,"column":0},"end":{"line":3,"column":23}},"3":{"start":{"line":4,"column":0},"end":{"line":4,"column":8}},"4":{"start":{"line":5,"column":0},"end":{"line":5,"column":11}},"5":{"start":{"line":6,"column":0},"end":{"line":6,"column":0}},"6":{"start":{"line":7,"column":0},"end":{"line":7,"column":8}},"7":{"start":{"line":8,"column":0},"end":{"line":8,"column":16}},"8":{"start":{"line":9,"column":0},"end":{"line":9,"column":19}},"9":{"start":{"line":10,"column":0},"end":{"line":10,"column":1}},"10":{"start":{"line":11,"column":0},"end":{"line":11,"column":9}}},"s":{"0":1,"1":1,"2":1,"3":1,"4":1,"5":1,"6":1,"7":1,"8":1,"9":1,"10":1},"branchMap":{},"b":{},"fnMap":{},"f":{}}
,"C:\\Users\\hoann\\Documents\\projetos\\inventory-control\\src\\views\\HomeView.vue": {"path":"C:\\Users\\hoann\\Documents\\projetos\\inventory-control\\src\\views\\HomeView.vue","all":false,"statementMap":{"0":{"start":{"line":1,"column":0},"end":{"line":1,"column":10}},"1":{"start":{"line":2,"column":0},"end":{"line":2,"column":25}},"2":{"start":{"line":3,"column":0},"end":{"line":3,"column":78}},"3":{"start":{"line":4,"column":0},"end":{"line":4,"column":136}},"4":{"start":{"line":5,"column":0},"end":{"line":5,"column":138}},"5":{"start":{"line":6,"column":0},"end":{"line":6,"column":43}},"6":{"start":{"line":7,"column":0},"end":{"line":7,"column":109}},"7":{"start":{"line":8,"column":0},"end":{"line":8,"column":102}},"8":{"start":{"line":9,"column":0},"end":{"line":9,"column":37}},"9":{"start":{"line":10,"column":0},"end":{"line":10,"column":25}},"10":{"start":{"line":11,"column":0},"end":{"line":11,"column":15}},"11":{"start":{"line":12,"column":0},"end":{"line":12,"column":112}},"12":{"start":{"line":13,"column":0},"end":{"line":13,"column":81}},"13":{"start":{"line":14,"column":0},"end":{"line":14,"column":10}},"14":{"start":{"line":15,"column":0},"end":{"line":15,"column":0}},"15":{"start":{"line":16,"column":0},"end":{"line":16,"column":73}},"16":{"start":{"line":17,"column":0},"end":{"line":17,"column":41}},"17":{"start":{"line":18,"column":0},"end":{"line":18,"column":10}},"18":{"start":{"line":19,"column":0},"end":{"line":19,"column":0}},"19":{"start":{"line":20,"column":0},"end":{"line":20,"column":95}},"20":{"start":{"line":21,"column":0},"end":{"line":21,"column":90}},"21":{"start":{"line":22,"column":0},"end":{"line":22,"column":121}},"22":{"start":{"line":23,"column":0},"end":{"line":23,"column":25}},"23":{"start":{"line":24,"column":0},"end":{"line":24,"column":129}},"24":{"start":{"line":25,"column":0},"end":{"line":25,"column":105}},"25":{"start":{"line":26,"column":0},"end":{"line":26,"column":73}},"26":{"start":{"line":27,"column":0},"end":{"line":27,"column":82}},"27":{"start":{"line":28,"column":0},"end":{"line":28,"column":28}},"28":{"start":{"line":29,"column":0},"end":{"line":29,"column":49}},"29":{"start":{"line":30,"column":0},"end":{"line":30,"column":116}},"30":{"start":{"line":31,"column":0},"end":{"line":31,"column":51}},"31":{"start":{"line":32,"column":0},"end":{"line":32,"column":124}},"32":{"start":{"line":33,"column":0},"end":{"line":33,"column":21}},"33":{"start":{"line":34,"column":0},"end":{"line":34,"column":21}},"34":{"start":{"line":35,"column":0},"end":{"line":35,"column":16}},"35":{"start":{"line":36,"column":0},"end":{"line":36,"column":14}},"36":{"start":{"line":37,"column":0},"end":{"line":37,"column":12}},"37":{"start":{"line":38,"column":0},"end":{"line":38,"column":10}},"38":{"start":{"line":39,"column":0},"end":{"line":39,"column":8}},"39":{"start":{"line":40,"column":0},"end":{"line":40,"column":11}},"40":{"start":{"line":41,"column":0},"end":{"line":41,"column":0}},"41":{"start":{"line":42,"column":0},"end":{"line":42,"column":8}},"42":{"start":{"line":43,"column":0},"end":{"line":43,"column":32}},"43":{"start":{"line":44,"column":0},"end":{"line":44,"column":64}},"44":{"start":{"line":45,"column":0},"end":{"line":45,"column":77}},"45":{"start":{"line":46,"column":0},"end":{"line":46,"column":64}},"46":{"start":{"line":47,"column":0},"end":{"line":47,"column":0}},"47":{"start":{"line":48,"column":0},"end":{"line":48,"column":16}},"48":{"start":{"line":49,"column":0},"end":{"line":49,"column":19}},"49":{"start":{"line":50,"column":0},"end":{"line":50,"column":76}},"50":{"start":{"line":51,"column":0},"end":{"line":51,"column":10}},"51":{"start":{"line":52,"column":0},"end":{"line":52,"column":12}},"52":{"start":{"line":53,"column":0},"end":{"line":53,"column":29}},"53":{"start":{"line":54,"column":0},"end":{"line":54,"column":36}},"54":{"start":{"line":55,"column":0},"end":{"line":55,"column":34}},"55":{"start":{"line":56,"column":0},"end":{"line":56,"column":33}},"56":{"start":{"line":57,"column":0},"end":{"line":57,"column":22}},"57":{"start":{"line":58,"column":0},"end":{"line":58,"column":5}},"58":{"start":{"line":59,"column":0},"end":{"line":59,"column":4}},"59":{"start":{"line":60,"column":0},"end":{"line":60,"column":13}},"60":{"start":{"line":61,"column":0},"end":{"line":61,"column":30}},"61":{"start":{"line":62,"column":0},"end":{"line":62,"column":0}},"62":{"start":{"line":63,"column":0},"end":{"line":63,"column":23}},"63":{"start":{"line":64,"column":0},"end":{"line":64,"column":47}},"64":{"start":{"line":65,"column":0},"end":{"line":65,"column":50}},"65":{"start":{"line":66,"column":0},"end":{"line":66,"column":15}},"66":{"start":{"line":67,"column":0},"end":{"line":67,"column":6}},"67":{"start":{"line":68,"column":0},"end":{"line":68,"column":0}},"68":{"start":{"line":69,"column":0},"end":{"line":69,"column":24}},"69":{"start":{"line":70,"column":0},"end":{"line":70,"column":30}},"70":{"start":{"line":71,"column":0},"end":{"line":71,"column":29}},"71":{"start":{"line":72,"column":0},"end":{"line":72,"column":7}},"72":{"start":{"line":73,"column":0},"end":{"line":73,"column":51}},"73":{"start":{"line":74,"column":0},"end":{"line":74,"column":44}},"74":{"start":{"line":75,"column":0},"end":{"line":75,"column":56}},"75":{"start":{"line":76,"column":0},"end":{"line":76,"column":53}},"76":{"start":{"line":77,"column":0},"end":{"line":77,"column":8}},"77":{"start":{"line":78,"column":0},"end":{"line":78,"column":5}},"78":{"start":{"line":79,"column":0},"end":{"line":79,"column":4}},"79":{"start":{"line":80,"column":0},"end":{"line":80,"column":12}},"80":{"start":{"line":81,"column":0},"end":{"line":81,"column":28}},"81":{"start":{"line":82,"column":0},"end":{"line":82,"column":40}},"82":{"start":{"line":83,"column":0},"end":{"line":83,"column":41}},"83":{"start":{"line":84,"column":0},"end":{"line":84,"column":6}},"84":{"start":{"line":85,"column":0},"end":{"line":85,"column":0}},"85":{"start":{"line":86,"column":0},"end":{"line":86,"column":29}},"86":{"start":{"line":87,"column":0},"end":{"line":87,"column":40}},"87":{"start":{"line":88,"column":0},"end":{"line":88,"column":6}},"88":{"start":{"line":89,"column":0},"end":{"line":89,"column":0}},"89":{"start":{"line":90,"column":0},"end":{"line":90,"column":35}},"90":{"start":{"line":91,"column":0},"end":{"line":91,"column":42}},"91":{"start":{"line":92,"column":0},"end":{"line":92,"column":6}},"92":{"start":{"line":93,"column":0},"end":{"line":93,"column":0}},"93":{"start":{"line":94,"column":0},"end":{"line":94,"column":26}},"94":{"start":{"line":95,"column":0},"end":{"line":95,"column":40}},"95":{"start":{"line":96,"column":0},"end":{"line":96,"column":39}},"96":{"start":{"line":97,"column":0},"end":{"line":97,"column":6}},"97":{"start":{"line":98,"column":0},"end":{"line":98,"column":0}},"98":{"start":{"line":99,"column":0},"end":{"line":99,"column":27}},"99":{"start":{"line":100,"column":0},"end":{"line":100,"column":93}},"100":{"start":{"line":101,"column":0},"end":{"line":101,"column":22}},"101":{"start":{"line":102,"column":0},"end":{"line":102,"column":6}},"102":{"start":{"line":103,"column":0},"end":{"line":103,"column":0}},"103":{"start":{"line":104,"column":0},"end":{"line":104,"column":27}},"104":{"start":{"line":105,"column":0},"end":{"line":105,"column":34}},"105":{"start":{"line":106,"column":0},"end":{"line":106,"column":6}},"106":{"start":{"line":107,"column":0},"end":{"line":107,"column":0}},"107":{"start":{"line":108,"column":0},"end":{"line":108,"column":28}},"108":{"start":{"line":109,"column":0},"end":{"line":109,"column":35}},"109":{"start":{"line":110,"column":0},"end":{"line":110,"column":6}},"110":{"start":{"line":111,"column":0},"end":{"line":111,"column":0}},"111":{"start":{"line":112,"column":0},"end":{"line":112,"column":39}},"112":{"start":{"line":113,"column":0},"end":{"line":113,"column":105}},"113":{"start":{"line":114,"column":0},"end":{"line":114,"column":35}},"114":{"start":{"line":115,"column":0},"end":{"line":115,"column":5}},"115":{"start":{"line":116,"column":0},"end":{"line":116,"column":3}},"116":{"start":{"line":117,"column":0},"end":{"line":117,"column":1}},"117":{"start":{"line":118,"column":0},"end":{"line":118,"column":9}}},"s":{"0":1,"1":1,"2":1,"3":1,"4":1,"5":1,"6":1,"7":1,"8":1,"9":1,"10":1,"11":1,"12":1,"13":1,"14":1,"15":1,"16":1,"17":1,"18":1,"19":1,"20":1,"21":1,"22":1,"23":1,"24":1,"25":1,"26":1,"27":1,"28":1,"29":1,"30":1,"31":1,"32":1,"33":1,"34":1,"35":1,"36":1,"37":1,"38":1,"39":1,"40":1,"41":1,"42":1,"43":1,"44":1,"45":1,"46":1,"47":1,"48":1,"49":1,"50":1,"51":8,"52":8,"53":8,"54":8,"55":8,"56":8,"57":8,"58":1,"59":1,"60":1,"61":1,"62":1,"63":1,"64":1,"65":1,"66":1,"67":1,"68":1,"69":9,"70":8,"71":8,"72":1,"73":1,"74":2,"75":1,"76":1,"77":1,"78":1,"79":1,"80":1,"81":1,"82":1,"83":1,"84":1,"85":1,"86":1,"87":1,"88":1,"89":1,"90":1,"91":1,"92":1,"93":1,"94":1,"95":1,"96":1,"97":1,"98":1,"99":29,"100":29,"101":1,"102":1,"103":1,"104":1,"105":1,"106":1,"107":1,"108":1,"109":1,"110":1,"111":1,"112":1,"113":1,"114":1,"115":1,"116":1,"117":1},"branchMap":{"0":{"type":"branch","line":51,"loc":{"start":{"line":51,"column":2},"end":{"line":59,"column":3}},"locations":[{"start":{"line":51,"column":2},"end":{"line":59,"column":3}}]},"1":{"type":"branch","line":63,"loc":{"start":{"line":63,"column":4},"end":{"line":67,"column":5}},"locations":[{"start":{"line":63,"column":4},"end":{"line":67,"column":5}}]},"2":{"type":"branch","line":69,"loc":{"start":{"line":69,"column":4},"end":{"line":78,"column":5}},"locations":[{"start":{"line":69,"column":4},"end":{"line":78,"column":5}}]},"3":{"type":"branch","line":70,"loc":{"start":{"line":70,"column":29},"end":{"line":72,"column":7}},"locations":[{"start":{"line":70,"column":29},"end":{"line":72,"column":7}}]},"4":{"type":"branch","line":72,"loc":{"start":{"line":72,"column":6},"end":{"line":78,"column":5}},"locations":[{"start":{"line":72,"column":6},"end":{"line":78,"column":5}}]},"5":{"type":"branch","line":74,"loc":{"start":{"line":74,"column":34},"end":{"line":76,"column":53}},"locations":[{"start":{"line":74,"column":34},"end":{"line":76,"column":53}}]},"6":{"type":"branch","line":75,"loc":{"start":{"line":75,"column":53},"end":{"line":76,"column":53}},"locations":[{"start":{"line":75,"column":53},"end":{"line":76,"column":53}}]},"7":{"type":"branch","line":81,"loc":{"start":{"line":81,"column":4},"end":{"line":84,"column":5}},"locations":[{"start":{"line":81,"column":4},"end":{"line":84,"column":5}}]},"8":{"type":"branch","line":86,"loc":{"start":{"line":86,"column":4},"end":{"line":88,"column":5}},"locations":[{"start":{"line":86,"column":4},"end":{"line":88,"column":5}}]},"9":{"type":"branch","line":90,"loc":{"start":{"line":90,"column":4},"end":{"line":92,"column":5}},"locations":[{"start":{"line":90,"column":4},"end":{"line":92,"column":5}}]},"10":{"type":"branch","line":94,"loc":{"start":{"line":94,"column":4},"end":{"line":97,"column":5}},"locations":[{"start":{"line":94,"column":4},"end":{"line":97,"column":5}}]},"11":{"type":"branch","line":99,"loc":{"start":{"line":99,"column":4},"end":{"line":102,"column":5}},"locations":[{"start":{"line":99,"column":4},"end":{"line":102,"column":5}}]},"12":{"type":"branch","line":104,"loc":{"start":{"line":104,"column":4},"end":{"line":106,"column":5}},"locations":[{"start":{"line":104,"column":4},"end":{"line":106,"column":5}}]},"13":{"type":"branch","line":108,"loc":{"start":{"line":108,"column":4},"end":{"line":110,"column":5}},"locations":[{"start":{"line":108,"column":4},"end":{"line":110,"column":5}}]},"14":{"type":"branch","line":112,"loc":{"start":{"line":112,"column":4},"end":{"line":115,"column":5}},"locations":[{"start":{"line":112,"column":4},"end":{"line":115,"column":5}}]}},"b":{"0":[8],"1":[1],"2":[9],"3":[8],"4":[1],"5":[2],"6":[1],"7":[1],"8":[1],"9":[1],"10":[1],"11":[29],"12":[1],"13":[1],"14":[1]},"fnMap":{"0":{"name":"data","decl":{"start":{"line":51,"column":2},"end":{"line":59,"column":3}},"loc":{"start":{"line":51,"column":2},"end":{"line":59,"column":3}},"line":51},"1":{"name":"selectedProduct","decl":{"start":{"line":63,"column":4},"end":{"line":67,"column":5}},"loc":{"start":{"line":63,"column":4},"end":{"line":67,"column":5}},"line":63},"2":{"name":"filteredProducts","decl":{"start":{"line":69,"column":4},"end":{"line":78,"column":5}},"loc":{"start":{"line":69,"column":4},"end":{"line":78,"column":5}},"line":69},"3":{"name":"showDeleteModal","decl":{"start":{"line":81,"column":4},"end":{"line":84,"column":5}},"loc":{"start":{"line":81,"column":4},"end":{"line":84,"column":5}},"line":81},"4":{"name":"closeEditProductModal","decl":{"start":{"line":86,"column":4},"end":{"line":88,"column":5}},"loc":{"start":{"line":86,"column":4},"end":{"line":88,"column":5}},"line":86},"5":{"name":"closeDeleteInventoryProduct","decl":{"start":{"line":90,"column":4},"end":{"line":92,"column":5}},"loc":{"start":{"line":90,"column":4},"end":{"line":92,"column":5}},"line":90},"6":{"name":"showEditModal","decl":{"start":{"line":94,"column":4},"end":{"line":97,"column":5}},"loc":{"start":{"line":94,"column":4},"end":{"line":97,"column":5}},"line":94},"7":{"name":"convertToMoney","decl":{"start":{"line":99,"column":4},"end":{"line":102,"column":5}},"loc":{"start":{"line":99,"column":4},"end":{"line":102,"column":5}},"line":99},"8":{"name":"showAddProductModal","decl":{"start":{"line":104,"column":4},"end":{"line":106,"column":5}},"loc":{"start":{"line":104,"column":4},"end":{"line":106,"column":5}},"line":104},"9":{"name":"closeAddProductModal","decl":{"start":{"line":108,"column":4},"end":{"line":110,"column":5}},"loc":{"start":{"line":108,"column":4},"end":{"line":110,"column":5}},"line":108},"10":{"name":"handleSaveProduct","decl":{"start":{"line":112,"column":4},"end":{"line":115,"column":5}},"loc":{"start":{"line":112,"column":4},"end":{"line":115,"column":5}},"line":112}},"f":{"0":8,"1":1,"2":9,"3":1,"4":1,"5":1,"6":1,"7":29,"8":1,"9":1,"10":1}}
}
