TN:
SF:src\App.vue
FN:30,render
FNF:1
FNH:1
FNDA:2,render
DA:4,1
DA:5,1
DA:8,1
DA:23,1
DA:25,1
DA:28,1
DA:29,1
DA:31,2
DA:32,2
DA:33,2
DA:34,1
LF:11
LH:11
BRF:0
BRH:0
end_of_record
TN:
SF:src\components\AddProductModal.vue
FN:90,render
FN:93,(anonymous_1)
FN:97,(anonymous_2)
FN:103,(anonymous_3)
FN:108,(anonymous_4)
FN:114,(anonymous_5)
FN:117,(anonymous_6)
FNF:7
FNH:6
FNDA:8,render
FNDA:1,(anonymous_1)
FNDA:1,(anonymous_2)
FNDA:1,(anonymous_3)
FNDA:0,(anonymous_4)
FNDA:1,(anonymous_5)
FNDA:1,(anonymous_6)
DA:4,1
DA:7,1
DA:36,1
DA:38,1
DA:41,1
DA:42,1
DA:43,1
DA:46,1
DA:49,1
DA:52,1
DA:55,1
DA:58,1
DA:61,1
DA:64,1
DA:67,1
DA:70,1
DA:73,1
DA:76,1
DA:80,1
DA:83,1
DA:87,1
DA:91,8
DA:93,1
DA:97,1
DA:103,1
DA:108,0
DA:114,1
DA:117,1
DA:119,1
LF:29
LH:28
BRDA:93,0,0,8
BRDA:93,0,1,4
BRDA:97,1,0,8
BRDA:97,1,1,4
BRDA:103,2,0,8
BRDA:103,2,1,4
BRDA:108,3,0,8
BRDA:108,3,1,4
BRDA:114,4,0,8
BRDA:114,4,1,4
BRDA:114,5,0,1
BRDA:114,5,1,1
BRDA:117,6,0,8
BRDA:117,6,1,4
BRDA:117,7,0,1
BRDA:117,7,1,1
BRF:16
BRH:16
end_of_record
TN:
SF:src\components\DeleteInventoryProduct.vue
FN:68,render
FN:70,(anonymous_1)
FN:73,(anonymous_2)
FNF:3
FNH:3
FNDA:2,render
FNDA:1,(anonymous_1)
FNDA:1,(anonymous_2)
DA:4,1
DA:7,1
DA:37,1
DA:39,1
DA:42,1
DA:43,1
DA:44,1
DA:47,1
DA:50,1
DA:53,1
DA:56,1
DA:65,1
DA:69,2
DA:70,1
DA:73,1
DA:76,1
LF:16
LH:16
BRDA:70,0,0,2
BRDA:70,0,1,2
BRDA:70,1,0,1
BRDA:70,1,1,1
BRDA:73,2,0,2
BRDA:73,2,1,2
BRDA:73,3,0,1
BRDA:73,3,1,1
BRF:8
BRH:8
end_of_record
TN:
SF:src\components\EditProductModal.vue
FN:16,(anonymous_0)
FN:24,(anonymous_1)
FN:27,(anonymous_2)
FN:87,render
FN:89,(anonymous_4)
FN:94,(anonymous_5)
FN:100,(anonymous_6)
FN:105,(anonymous_7)
FN:110,(anonymous_8)
FN:113,(anonymous_9)
FNF:10
FNH:0
FNDA:0,(anonymous_0)
FNDA:0,(anonymous_1)
FNDA:0,(anonymous_2)
FNDA:0,render
FNDA:0,(anonymous_4)
FNDA:0,(anonymous_5)
FNDA:0,(anonymous_6)
FNDA:0,(anonymous_7)
FNDA:0,(anonymous_8)
FNDA:0,(anonymous_9)
DA:4,0
DA:7,0
DA:8,0
DA:17,0
DA:25,0
DA:28,0
DA:29,0
DA:33,0
DA:35,0
DA:38,0
DA:39,0
DA:40,0
DA:43,0
DA:46,0
DA:49,0
DA:52,0
DA:55,0
DA:58,0
DA:61,0
DA:64,0
DA:67,0
DA:70,0
DA:73,0
DA:77,0
DA:80,0
DA:84,0
DA:88,0
DA:89,0
DA:94,0
DA:100,0
DA:105,0
DA:110,0
DA:113,0
DA:116,0
LF:34
LH:0
BRDA:89,0,0,0
BRDA:89,0,1,0
BRDA:94,1,0,0
BRDA:94,1,1,0
BRDA:100,2,0,0
BRDA:100,2,1,0
BRDA:105,3,0,0
BRDA:105,3,1,0
BRDA:110,4,0,0
BRDA:110,4,1,0
BRDA:110,5,0,0
BRDA:110,5,1,0
BRDA:113,6,0,0
BRDA:113,6,1,0
BRDA:113,7,0,0
BRDA:113,7,1,0
BRF:16
BRH:0
end_of_record
TN:
SF:src\components\ModalOriginal.vue
FN:23,render
FNF:1
FNH:0
FNDA:0,render
DA:4,0
DA:7,0
DA:8,0
DA:11,0
DA:13,0
DA:16,0
DA:17,0
DA:18,0
DA:21,0
DA:22,0
DA:24,0
DA:25,0
LF:12
LH:0
BRF:0
BRH:0
end_of_record
TN:
SF:src\components\NavMenu.vue
FN:41,render
FN:47,(anonymous_1)
FN:53,(anonymous_2)
FNF:3
FNH:0
FNDA:0,render
FNDA:0,(anonymous_1)
FNDA:0,(anonymous_2)
DA:4,1
DA:7,1
DA:8,1
DA:11,1
DA:13,1
DA:14,1
DA:17,1
DA:18,1
DA:19,1
DA:20,1
DA:23,1
DA:26,1
DA:35,1
DA:38,1
DA:42,0
DA:43,0
DA:47,0
DA:53,0
DA:56,1
LF:19
LH:15
BRF:0
BRH:0
end_of_record
TN:
SF:src\store\index.js
FN:10,(anonymous_0)
FN:14,(anonymous_1)
FN:18,(anonymous_2)
FN:23,(anonymous_3)
FN:27,(anonymous_4)
FNF:5
FNH:0
FNDA:0,(anonymous_0)
FNDA:0,(anonymous_1)
FNDA:0,(anonymous_2)
FNDA:0,(anonymous_3)
FNDA:0,(anonymous_4)
DA:11,0
DA:15,0
DA:19,0
DA:24,0
DA:28,0
LF:5
LH:0
BRF:0
BRH:0
end_of_record
TN:
SF:src\views\AboutView.vue
FN:23,render
FNF:1
FNH:0
FNDA:0,render
DA:4,0
DA:7,0
DA:8,0
DA:11,0
DA:13,0
DA:16,0
DA:17,0
DA:18,0
DA:21,0
DA:22,0
DA:24,0
DA:25,0
LF:12
LH:0
BRF:0
BRH:0
end_of_record
TN:
SF:src\views\HomeView.vue
FN:152,render
FN:171,(anonymous_1)
FN:174,(anonymous_2)
FN:177,(anonymous_3)
FN:182,(anonymous_4)
FN:185,(anonymous_5)
FNF:6
FNH:0
FNDA:0,render
FNDA:0,(anonymous_1)
FNDA:0,(anonymous_2)
FNDA:0,(anonymous_3)
FNDA:0,(anonymous_4)
FNDA:0,(anonymous_5)
DA:4,0
DA:5,0
DA:8,0
DA:106,0
DA:108,0
DA:111,0
DA:112,0
DA:113,0
DA:116,0
DA:119,0
DA:123,0
DA:124,0
DA:125,0
DA:129,0
DA:132,0
DA:135,0
DA:138,0
DA:141,0
DA:144,0
DA:147,0
DA:150,0
DA:151,0
DA:153,0
DA:154,0
DA:155,0
DA:156,0
DA:171,0
DA:174,0
DA:178,0
DA:182,0
DA:185,0
DA:189,0
LF:32
LH:0
BRDA:156,0,0,0
BRDA:156,0,1,0
BRDA:159,1,0,0
BRDA:159,1,1,0
BRDA:163,2,0,0
BRDA:163,2,1,0
BRDA:171,3,0,0
BRDA:171,3,1,0
BRDA:171,4,0,0
BRDA:171,4,1,0
BRDA:174,5,0,0
BRDA:174,5,1,0
BRDA:177,6,0,0
BRDA:177,6,1,0
BRF:14
BRH:0
end_of_record
